This file contains any messages produced by compilers while
running configure, to aid debugging if configure makes a mistake.

It was created by libhdfs configure 0.1.0, which was
generated by GNU Autoconf 2.69.  Invocation command line was

  $ /root/PowerGraph/deps/hadoop/src/hadoop/src/c++/libhdfs/configure JVM_ARCH=tune=generic --prefix=/root/PowerGraph/deps/local --with-java=/usr/lib/jvm/default-java --enable-shared=no --enable-static=yes

## --------- ##
## Platform. ##
## --------- ##

hostname = zhao
uname -m = x86_64
uname -r = 4.15.0-91-generic
uname -s = Linux
uname -v = #92-Ubuntu SMP Fri Feb 28 11:09:48 UTC 2020

/usr/bin/uname -p = unknown
/bin/uname -X     = unknown

/bin/arch              = unknown
/usr/bin/arch -k       = unknown
/usr/convex/getsysinfo = unknown
/usr/bin/hostinfo      = unknown
/bin/machine           = unknown
/usr/bin/oslevel       = unknown
/bin/universe          = unknown

PATH: /usr/local/sbin
PATH: /usr/local/bin
PATH: /usr/sbin
PATH: /usr/bin
PATH: /sbin
PATH: /bin
PATH: /usr/games
PATH: /usr/local/games


## ----------- ##
## Core tests. ##
## ----------- ##

configure:2578: checking for a BSD-compatible install
configure:2646: result: /usr/bin/install -c
configure:2657: checking whether build environment is sane
configure:2694: result: yes
configure:2756: checking for gawk
configure:2786: result: no
configure:2756: checking for mawk
configure:2772: found /usr/bin/mawk
configure:2783: result: mawk
configure:2794: checking whether make sets $(MAKE)
configure:2816: result: yes
configure:3026: checking build system type
configure:3040: result: x86_64-unknown-linux-gnu
configure:3060: checking host system type
configure:3073: result: x86_64-unknown-linux-gnu
configure:3105: checking for style of include used by make
configure:3133: result: GNU
configure:3206: checking for gcc
configure:3222: found /usr/bin/gcc
configure:3233: result: gcc
configure:3462: checking for C compiler version
configure:3471: gcc --version >&5
gcc (Ubuntu 4.8.5-4ubuntu8) 4.8.5
Copyright (C) 2015 Free Software Foundation, Inc.
This is free software; see the source for copying conditions.  There is NO
warranty; not even for MERCHANTABILITY or FITNESS FOR A PARTICULAR PURPOSE.

configure:3482: $? = 0
configure:3471: gcc -v >&5
Using built-in specs.
COLLECT_GCC=gcc
COLLECT_LTO_WRAPPER=/usr/lib/gcc/x86_64-linux-gnu/4.8/lto-wrapper
Target: x86_64-linux-gnu
Configured with: ../src/configure -v --with-pkgversion='Ubuntu 4.8.5-4ubuntu8' --with-bugurl=file:///usr/share/doc/gcc-4.8/README.Bugs --enable-languages=c,c++,go,d,fortran,objc,obj-c++ --prefix=/usr --program-suffix=-4.8 --enable-shared --enable-linker-build-id --libexecdir=/usr/lib --without-included-gettext --enable-threads=posix --with-gxx-include-dir=/usr/include/c++/4.8 --libdir=/usr/lib --enable-nls --with-sysroot=/ --enable-clocale=gnu --enable-libstdcxx-debug --enable-libstdcxx-time=yes --enable-gnu-unique-object --disable-libmudflap --enable-plugin --with-system-zlib --enable-objc-gc --enable-multiarch --disable-werror --with-arch-32=i686 --with-abi=m64 --with-multilib-list=m32,m64,mx32 --with-tune=generic --enable-checking=release --build=x86_64-linux-gnu --host=x86_64-linux-gnu --target=x86_64-linux-gnu
Thread model: posix
gcc version 4.8.5 (Ubuntu 4.8.5-4ubuntu8) 
configure:3482: $? = 0
configure:3471: gcc -V >&5
gcc: error: unrecognized command line option '-V'
gcc: fatal error: no input files
compilation terminated.
configure:3482: $? = 4
configure:3471: gcc -qversion >&5
gcc: error: unrecognized command line option '-qversion'
gcc: fatal error: no input files
compilation terminated.
configure:3482: $? = 4
configure:3502: checking whether the C compiler works
configure:3524: gcc    conftest.c  >&5
configure:3528: $? = 0
configure:3576: result: yes
configure:3579: checking for C compiler default output file name
configure:3581: result: a.out
configure:3587: checking for suffix of executables
configure:3594: gcc -o conftest    conftest.c  >&5
configure:3598: $? = 0
configure:3620: result: 
configure:3642: checking whether we are cross compiling
configure:3650: gcc -o conftest    conftest.c  >&5
configure:3654: $? = 0
configure:3661: ./conftest
configure:3665: $? = 0
configure:3680: result: no
configure:3685: checking for suffix of object files
configure:3707: gcc -c   conftest.c >&5
configure:3711: $? = 0
configure:3732: result: o
configure:3736: checking whether we are using the GNU C compiler
configure:3755: gcc -c   conftest.c >&5
configure:3755: $? = 0
configure:3764: result: yes
configure:3773: checking whether gcc accepts -g
configure:3793: gcc -c -g  conftest.c >&5
configure:3793: $? = 0
configure:3834: result: yes
configure:3851: checking for gcc option to accept ISO C89
configure:3914: gcc  -c -g -O2  conftest.c >&5
configure:3914: $? = 0
configure:3927: result: none needed
configure:3949: checking dependency style of gcc
configure:4039: result: gcc3
configure:4056: checking for a sed that does not truncate output
configure:4120: result: /bin/sed
configure:4138: checking for grep that handles long lines and -e
configure:4196: result: /bin/grep
configure:4201: checking for egrep
configure:4263: result: /bin/grep -E
configure:4268: checking for fgrep
configure:4330: result: /bin/grep -F
configure:4365: checking for ld used by gcc
configure:4432: result: /usr/bin/ld
configure:4439: checking if the linker (/usr/bin/ld) is GNU ld
configure:4454: result: yes
configure:4467: checking for BSD- or MS-compatible name lister (nm)
configure:4516: result: /usr/bin/nm -B
configure:4634: checking the name lister (/usr/bin/nm -B) interface
configure:4641: gcc -c -g -O2  conftest.c >&5
configure:4644: /usr/bin/nm -B "conftest.o"
configure:4647: output
0000000000000000 B some_variable
configure:4654: result: BSD nm
configure:4657: checking whether ln -s works
configure:4661: result: yes
configure:4669: checking the maximum length of command line arguments
configure:4789: result: 1572864
configure:4807: checking whether the shell understands some XSI constructs
configure:4815: result: yes
configure:4819: checking whether the shell understands "+="
configure:4825: result: yes
configure:4860: checking for /usr/bin/ld option to reload object files
configure:4867: result: -r
configure:4894: checking how to recognize dependent libraries
configure:5084: result: pass_all
configure:5144: checking for ar
configure:5160: found /usr/bin/ar
configure:5171: result: ar
configure:5249: checking for strip
configure:5265: found /usr/bin/strip
configure:5276: result: strip
configure:5348: checking for ranlib
configure:5364: found /usr/bin/ranlib
configure:5375: result: ranlib
configure:5465: checking command to parse /usr/bin/nm -B output from gcc object
configure:5583: gcc -c -g -O2  conftest.c >&5
configure:5586: $? = 0
configure:5590: /usr/bin/nm -B conftest.o \| sed -n -e 's/^.*[	 ]\([ABCDGIRSTW][ABCDGIRSTW]*\)[	 ][	 ]*\([_A-Za-z][_A-Za-z0-9]*\)$/\1 \2 \2/p' \> conftest.nm
configure:5593: $? = 0
configure:5647: gcc -o conftest -g -O2   conftest.c conftstm.o >&5
configure:5650: $? = 0
configure:5688: result: ok
configure:5784: gcc -c -g -O2  conftest.c >&5
configure:5787: $? = 0
configure:6200: checking how to run the C preprocessor
configure:6231: gcc -E  conftest.c
configure:6231: $? = 0
configure:6245: gcc -E  conftest.c
conftest.c:11:28: fatal error: ac_nonexistent.h: No such file or directory
 #include <ac_nonexistent.h>
                            ^
compilation terminated.
configure:6245: $? = 1
configure: failed program was:
| /* confdefs.h */
| #define PACKAGE_NAME "libhdfs"
| #define PACKAGE_TARNAME "libhdfs"
| #define PACKAGE_VERSION "0.1.0"
| #define PACKAGE_STRING "libhdfs 0.1.0"
| #define PACKAGE_BUGREPORT "omalley@apache.org"
| #define PACKAGE_URL ""
| #define PACKAGE "libhdfs"
| #define VERSION "0.1.0"
| /* end confdefs.h.  */
| #include <ac_nonexistent.h>
configure:6270: result: gcc -E
configure:6290: gcc -E  conftest.c
configure:6290: $? = 0
configure:6304: gcc -E  conftest.c
conftest.c:11:28: fatal error: ac_nonexistent.h: No such file or directory
 #include <ac_nonexistent.h>
                            ^
compilation terminated.
configure:6304: $? = 1
configure: failed program was:
| /* confdefs.h */
| #define PACKAGE_NAME "libhdfs"
| #define PACKAGE_TARNAME "libhdfs"
| #define PACKAGE_VERSION "0.1.0"
| #define PACKAGE_STRING "libhdfs 0.1.0"
| #define PACKAGE_BUGREPORT "omalley@apache.org"
| #define PACKAGE_URL ""
| #define PACKAGE "libhdfs"
| #define VERSION "0.1.0"
| /* end confdefs.h.  */
| #include <ac_nonexistent.h>
configure:6333: checking for ANSI C header files
configure:6353: gcc -c -g -O2  conftest.c >&5
configure:6353: $? = 0
configure:6426: gcc -o conftest -g -O2   conftest.c  >&5
configure:6426: $? = 0
configure:6426: ./conftest
configure:6426: $? = 0
configure:6437: result: yes
configure:6450: checking for sys/types.h
configure:6450: gcc -c -g -O2  conftest.c >&5
configure:6450: $? = 0
configure:6450: result: yes
configure:6450: checking for sys/stat.h
configure:6450: gcc -c -g -O2  conftest.c >&5
configure:6450: $? = 0
configure:6450: result: yes
configure:6450: checking for stdlib.h
configure:6450: gcc -c -g -O2  conftest.c >&5
configure:6450: $? = 0
configure:6450: result: yes
configure:6450: checking for string.h
configure:6450: gcc -c -g -O2  conftest.c >&5
configure:6450: $? = 0
configure:6450: result: yes
configure:6450: checking for memory.h
configure:6450: gcc -c -g -O2  conftest.c >&5
configure:6450: $? = 0
configure:6450: result: yes
configure:6450: checking for strings.h
configure:6450: gcc -c -g -O2  conftest.c >&5
configure:6450: $? = 0
configure:6450: result: yes
configure:6450: checking for inttypes.h
configure:6450: gcc -c -g -O2  conftest.c >&5
configure:6450: $? = 0
configure:6450: result: yes
configure:6450: checking for stdint.h
configure:6450: gcc -c -g -O2  conftest.c >&5
configure:6450: $? = 0
configure:6450: result: yes
configure:6450: checking for unistd.h
configure:6450: gcc -c -g -O2  conftest.c >&5
configure:6450: $? = 0
configure:6450: result: yes
configure:6464: checking for dlfcn.h
configure:6464: gcc -c -g -O2  conftest.c >&5
configure:6464: $? = 0
configure:6464: result: yes
configure:6648: checking for objdir
configure:6663: result: .libs
configure:6959: checking if gcc supports -fno-rtti -fno-exceptions
configure:6977: gcc -c -g -O2  -fno-rtti -fno-exceptions conftest.c >&5
cc1: warning: command line option '-fno-rtti' is valid for C++/ObjC++ but not for C [enabled by default]
configure:6981: $? = 0
configure:6994: result: no
configure:7014: checking for gcc option to produce PIC
configure:7265: result: -fPIC -DPIC
configure:7277: checking if gcc PIC flag -fPIC -DPIC works
configure:7295: gcc -c -g -O2  -fPIC -DPIC -DPIC conftest.c >&5
configure:7299: $? = 0
configure:7312: result: yes
configure:7336: checking if gcc static flag -static works
configure:7364: result: yes
configure:7379: checking if gcc supports -c -o file.o
configure:7400: gcc -c -g -O2  -o out/conftest2.o conftest.c >&5
configure:7404: $? = 0
configure:7426: result: yes
configure:7434: checking if gcc supports -c -o file.o
configure:7481: result: yes
configure:7514: checking whether the gcc linker (/usr/bin/ld -m elf_x86_64) supports shared libraries
configure:8488: result: yes
configure:8727: checking dynamic linker characteristics
configure:9155: gcc -o conftest -g -O2   -Wl,-rpath -Wl,/foo conftest.c  >&5
configure:9155: $? = 0
configure:9373: result: GNU/Linux ld.so
configure:9475: checking how to hardcode library paths into programs
configure:9500: result: immediate
configure:10028: checking whether stripping libraries is possible
configure:10033: result: yes
configure:10068: checking if libtool supports shared libraries
configure:10070: result: yes
configure:10073: checking whether to build shared libraries
configure:10094: result: no
configure:10097: checking whether to build static libraries
configure:10101: result: yes
configure:10144: checking cached host system type
configure:10153: result: ok
configure:10212: checking for gcc
configure:10239: result: gcc
configure:10468: checking for C compiler version
configure:10477: gcc --version >&5
gcc (Ubuntu 4.8.5-4ubuntu8) 4.8.5
Copyright (C) 2015 Free Software Foundation, Inc.
This is free software; see the source for copying conditions.  There is NO
warranty; not even for MERCHANTABILITY or FITNESS FOR A PARTICULAR PURPOSE.

configure:10488: $? = 0
configure:10477: gcc -v >&5
Using built-in specs.
COLLECT_GCC=gcc
COLLECT_LTO_WRAPPER=/usr/lib/gcc/x86_64-linux-gnu/4.8/lto-wrapper
Target: x86_64-linux-gnu
Configured with: ../src/configure -v --with-pkgversion='Ubuntu 4.8.5-4ubuntu8' --with-bugurl=file:///usr/share/doc/gcc-4.8/README.Bugs --enable-languages=c,c++,go,d,fortran,objc,obj-c++ --prefix=/usr --program-suffix=-4.8 --enable-shared --enable-linker-build-id --libexecdir=/usr/lib --without-included-gettext --enable-threads=posix --with-gxx-include-dir=/usr/include/c++/4.8 --libdir=/usr/lib --enable-nls --with-sysroot=/ --enable-clocale=gnu --enable-libstdcxx-debug --enable-libstdcxx-time=yes --enable-gnu-unique-object --disable-libmudflap --enable-plugin --with-system-zlib --enable-objc-gc --enable-multiarch --disable-werror --with-arch-32=i686 --with-abi=m64 --with-multilib-list=m32,m64,mx32 --with-tune=generic --enable-checking=release --build=x86_64-linux-gnu --host=x86_64-linux-gnu --target=x86_64-linux-gnu
Thread model: posix
gcc version 4.8.5 (Ubuntu 4.8.5-4ubuntu8) 
configure:10488: $? = 0
configure:10477: gcc -V >&5
gcc: error: unrecognized command line option '-V'
gcc: fatal error: no input files
compilation terminated.
configure:10488: $? = 4
configure:10477: gcc -qversion >&5
gcc: error: unrecognized command line option '-qversion'
gcc: fatal error: no input files
compilation terminated.
configure:10488: $? = 4
configure:10492: checking whether we are using the GNU C compiler
configure:10520: result: yes
configure:10529: checking whether gcc accepts -g
configure:10590: result: yes
configure:10607: checking for gcc option to accept ISO C89
configure:10683: result: none needed
configure:10705: checking dependency style of gcc
configure:10795: result: gcc3
configure:10855: checking for ranlib
configure:10882: result: ranlib
configure:10910: checking C flags dependant on host system type
configure:11015: result: ok
configure:11048: checking JAVA_HOME
configure:11053: result: /usr/lib/jvm/default-java
configure:11074: checking for sablevm
configure:11105: result: NONE
configure:11133: checking for kaffe
configure:11164: result: NONE
configure:11233: checking for javac
configure:11251: found /usr/lib/jvm/default-java/bin/javac
configure:11264: result: /usr/lib/jvm/default-java/bin/javac
configure:11315: result: /usr/lib/jvm/default-java/bin/javac
configure:11322: checking wether the Java compiler (/usr/lib/jvm/default-java/bin/javac) works
configure:11342: result: yes
configure:11401: checking for jar
configure:11419: found /usr/lib/jvm/default-java/bin/jar
configure:11432: result: /usr/lib/jvm/default-java/bin/jar
configure:11491: checking where on earth this jvm library is..
configure:11522: result: ohh u there ... /usr/lib/jvm/default-java/lib/server 
configure:11530: result: VALUE OF JVM_ARCH IS :tune=generic
configure:11537: result: gcc flags added
configure:11595: checking for gcc
configure:11622: result: gcc
configure:11851: checking for C compiler version
configure:11860: gcc --version >&5
gcc (Ubuntu 4.8.5-4ubuntu8) 4.8.5
Copyright (C) 2015 Free Software Foundation, Inc.
This is free software; see the source for copying conditions.  There is NO
warranty; not even for MERCHANTABILITY or FITNESS FOR A PARTICULAR PURPOSE.

configure:11871: $? = 0
configure:11860: gcc -v >&5
Using built-in specs.
COLLECT_GCC=gcc
COLLECT_LTO_WRAPPER=/usr/lib/gcc/x86_64-linux-gnu/4.8/lto-wrapper
Target: x86_64-linux-gnu
Configured with: ../src/configure -v --with-pkgversion='Ubuntu 4.8.5-4ubuntu8' --with-bugurl=file:///usr/share/doc/gcc-4.8/README.Bugs --enable-languages=c,c++,go,d,fortran,objc,obj-c++ --prefix=/usr --program-suffix=-4.8 --enable-shared --enable-linker-build-id --libexecdir=/usr/lib --without-included-gettext --enable-threads=posix --with-gxx-include-dir=/usr/include/c++/4.8 --libdir=/usr/lib --enable-nls --with-sysroot=/ --enable-clocale=gnu --enable-libstdcxx-debug --enable-libstdcxx-time=yes --enable-gnu-unique-object --disable-libmudflap --enable-plugin --with-system-zlib --enable-objc-gc --enable-multiarch --disable-werror --with-arch-32=i686 --with-abi=m64 --with-multilib-list=m32,m64,mx32 --with-tune=generic --enable-checking=release --build=x86_64-linux-gnu --host=x86_64-linux-gnu --target=x86_64-linux-gnu
Thread model: posix
gcc version 4.8.5 (Ubuntu 4.8.5-4ubuntu8) 
configure:11871: $? = 0
configure:11860: gcc -V >&5
gcc: error: unrecognized command line option '-V'
gcc: fatal error: no input files
compilation terminated.
configure:11871: $? = 4
configure:11860: gcc -qversion >&5
gcc: error: unrecognized command line option '-qversion'
gcc: fatal error: no input files
compilation terminated.
configure:11871: $? = 4
configure:11875: checking whether we are using the GNU C compiler
configure:11903: result: yes
configure:11912: checking whether gcc accepts -g
configure:11973: result: yes
configure:11990: checking for gcc option to accept ISO C89
configure:12066: result: none needed
configure:12088: checking dependency style of gcc
configure:12178: result: gcc3
configure:12197: checking for size_t
configure:12197: gcc -c -g -O2 -DOS_LINUX -DDSO_DLFCN -DCPU=\"amd64\" -mtune=generic -I/usr/lib/jvm/default-java/include -I/usr/lib/jvm/default-java/include/linux -Wall -Wstrict-prototypes  conftest.c >&5
<command-line>:0:6: warning: missing terminating " character [enabled by default]
conftest.c:57:1: warning: function declaration isn't a prototype [-Wstrict-prototypes]
 main ()
 ^
configure:12197: $? = 0
configure:12197: gcc -c -g -O2 -DOS_LINUX -DDSO_DLFCN -DCPU=\"amd64\" -mtune=generic -I/usr/lib/jvm/default-java/include -I/usr/lib/jvm/default-java/include/linux -Wall -Wstrict-prototypes  conftest.c >&5
<command-line>:0:6: warning: missing terminating " character [enabled by default]
conftest.c:57:1: warning: function declaration isn't a prototype [-Wstrict-prototypes]
 main ()
 ^
conftest.c: In function 'main':
conftest.c:59:21: error: expected expression before ')' token
 if (sizeof ((size_t)))
                     ^
configure:12197: $? = 1
configure: failed program was:
| /* confdefs.h */
| #define PACKAGE_NAME "libhdfs"
| #define PACKAGE_TARNAME "libhdfs"
| #define PACKAGE_VERSION "0.1.0"
| #define PACKAGE_STRING "libhdfs 0.1.0"
| #define PACKAGE_BUGREPORT "omalley@apache.org"
| #define PACKAGE_URL ""
| #define PACKAGE "libhdfs"
| #define VERSION "0.1.0"
| #define STDC_HEADERS 1
| #define HAVE_SYS_TYPES_H 1
| #define HAVE_SYS_STAT_H 1
| #define HAVE_STDLIB_H 1
| #define HAVE_STRING_H 1
| #define HAVE_MEMORY_H 1
| #define HAVE_STRINGS_H 1
| #define HAVE_INTTYPES_H 1
| #define HAVE_STDINT_H 1
| #define HAVE_UNISTD_H 1
| #define HAVE_DLFCN_H 1
| #define LT_OBJDIR ".libs/"
| /* end confdefs.h.  */
| #include <stdio.h>
| #ifdef HAVE_SYS_TYPES_H
| # include <sys/types.h>
| #endif
| #ifdef HAVE_SYS_STAT_H
| # include <sys/stat.h>
| #endif
| #ifdef STDC_HEADERS
| # include <stdlib.h>
| # include <stddef.h>
| #else
| # ifdef HAVE_STDLIB_H
| #  include <stdlib.h>
| # endif
| #endif
| #ifdef HAVE_STRING_H
| # if !defined STDC_HEADERS && defined HAVE_MEMORY_H
| #  include <memory.h>
| # endif
| # include <string.h>
| #endif
| #ifdef HAVE_STRINGS_H
| # include <strings.h>
| #endif
| #ifdef HAVE_INTTYPES_H
| # include <inttypes.h>
| #endif
| #ifdef HAVE_STDINT_H
| # include <stdint.h>
| #endif
| #ifdef HAVE_UNISTD_H
| # include <unistd.h>
| #endif
| int
| main ()
| {
| if (sizeof ((size_t)))
| 	    return 0;
|   ;
|   return 0;
| }
configure:12197: result: yes
configure:12211: checking for strdup
configure:12211: gcc -o conftest -g -O2 -DOS_LINUX -DDSO_DLFCN -DCPU=\"amd64\" -mtune=generic -I/usr/lib/jvm/default-java/include -I/usr/lib/jvm/default-java/include/linux -Wall -Wstrict-prototypes   -mtune=generic -L/usr/lib/jvm/default-java/lib/server  -ljvm -Wl,-x conftest.c  -ldl -lpthread >&5
<command-line>:0:6: warning: missing terminating " character [enabled by default]
conftest.c:46:1: warning: function declaration isn't a prototype [-Wstrict-prototypes]
 char strdup ();
 ^
conftest.c:46:6: warning: conflicting types for built-in function 'strdup' [enabled by default]
 char strdup ();
      ^
conftest.c:55:1: warning: function declaration isn't a prototype [-Wstrict-prototypes]
 main ()
 ^
configure:12211: $? = 0
configure:12211: result: yes
configure:12211: checking for strerror
configure:12211: gcc -o conftest -g -O2 -DOS_LINUX -DDSO_DLFCN -DCPU=\"amd64\" -mtune=generic -I/usr/lib/jvm/default-java/include -I/usr/lib/jvm/default-java/include/linux -Wall -Wstrict-prototypes   -mtune=generic -L/usr/lib/jvm/default-java/lib/server  -ljvm -Wl,-x conftest.c  -ldl -lpthread >&5
<command-line>:0:6: warning: missing terminating " character [enabled by default]
conftest.c:47:1: warning: function declaration isn't a prototype [-Wstrict-prototypes]
 char strerror ();
 ^
conftest.c:56:1: warning: function declaration isn't a prototype [-Wstrict-prototypes]
 main ()
 ^
configure:12211: $? = 0
configure:12211: result: yes
configure:12211: checking for strtoul
configure:12211: gcc -o conftest -g -O2 -DOS_LINUX -DDSO_DLFCN -DCPU=\"amd64\" -mtune=generic -I/usr/lib/jvm/default-java/include -I/usr/lib/jvm/default-java/include/linux -Wall -Wstrict-prototypes   -mtune=generic -L/usr/lib/jvm/default-java/lib/server  -ljvm -Wl,-x conftest.c  -ldl -lpthread >&5
<command-line>:0:6: warning: missing terminating " character [enabled by default]
conftest.c:48:1: warning: function declaration isn't a prototype [-Wstrict-prototypes]
 char strtoul ();
 ^
conftest.c:57:1: warning: function declaration isn't a prototype [-Wstrict-prototypes]
 main ()
 ^
configure:12211: $? = 0
configure:12211: result: yes
configure:12222: checking fcntl.h usability
configure:12222: gcc -c -g -O2 -DOS_LINUX -DDSO_DLFCN -DCPU=\"amd64\" -mtune=generic -I/usr/lib/jvm/default-java/include -I/usr/lib/jvm/default-java/include/linux -Wall -Wstrict-prototypes  conftest.c >&5
<command-line>:0:6: warning: missing terminating " character [enabled by default]
configure:12222: $? = 0
configure:12222: result: yes
configure:12222: checking fcntl.h presence
configure:12222: gcc -E  conftest.c
configure:12222: $? = 0
configure:12222: result: yes
configure:12222: checking for fcntl.h
configure:12222: result: yes
configure:12232: checking for an ANSI C-conforming const
configure:12298: gcc -c -g -O2 -DOS_LINUX -DDSO_DLFCN -DCPU=\"amd64\" -mtune=generic -I/usr/lib/jvm/default-java/include -I/usr/lib/jvm/default-java/include/linux -Wall -Wstrict-prototypes  conftest.c >&5
<command-line>:0:6: warning: missing terminating " character [enabled by default]
conftest.c:29:1: warning: function declaration isn't a prototype [-Wstrict-prototypes]
 main ()
 ^
configure:12298: $? = 0
configure:12305: result: yes
configure:12313: checking for working volatile
configure:12332: gcc -c -g -O2 -DOS_LINUX -DDSO_DLFCN -DCPU=\"amd64\" -mtune=generic -I/usr/lib/jvm/default-java/include -I/usr/lib/jvm/default-java/include/linux -Wall -Wstrict-prototypes  conftest.c >&5
<command-line>:0:6: warning: missing terminating " character [enabled by default]
conftest.c:29:1: warning: function declaration isn't a prototype [-Wstrict-prototypes]
 main ()
 ^
configure:12332: $? = 0
configure:12339: result: yes
configure:12348: checking for stdbool.h that conforms to C99
configure:12415: gcc -c -g -O2 -DOS_LINUX -DDSO_DLFCN -DCPU=\"amd64\" -mtune=generic -I/usr/lib/jvm/default-java/include -I/usr/lib/jvm/default-java/include/linux -Wall -Wstrict-prototypes  conftest.c >&5
<command-line>:0:6: warning: missing terminating " character [enabled by default]
conftest.c:73:1: warning: function declaration isn't a prototype [-Wstrict-prototypes]
 main ()
 ^
conftest.c: In function 'main':
conftest.c:76:14: warning: the address of 's' will always evaluate as 'true' [-Waddress]
              bool e = &s;
              ^
conftest.c:80:22: warning: the address of 'a' will always evaluate as 'true' [-Waddress]
              return (!a + !b + !c + !d + !e + !f + !g + !h + !i + !!j + !k + !!l
                      ^
conftest.c:80:27: warning: the address of 'b' will always evaluate as 'true' [-Waddress]
              return (!a + !b + !c + !d + !e + !f + !g + !h + !i + !!j + !k + !!l
                           ^
conftest.c:80:32: warning: the address of 'c' will always evaluate as 'true' [-Waddress]
              return (!a + !b + !c + !d + !e + !f + !g + !h + !i + !!j + !k + !!l
                                ^
conftest.c:80:37: warning: the address of 'd' will always evaluate as 'true' [-Waddress]
              return (!a + !b + !c + !d + !e + !f + !g + !h + !i + !!j + !k + !!l
                                     ^
conftest.c:80:47: warning: the address of 'f' will always evaluate as 'true' [-Waddress]
              return (!a + !b + !c + !d + !e + !f + !g + !h + !i + !!j + !k + !!l
                                               ^
conftest.c:80:52: warning: the address of 'g' will always evaluate as 'true' [-Waddress]
              return (!a + !b + !c + !d + !e + !f + !g + !h + !i + !!j + !k + !!l
                                                    ^
conftest.c:80:57: warning: the address of 'h' will always evaluate as 'true' [-Waddress]
              return (!a + !b + !c + !d + !e + !f + !g + !h + !i + !!j + !k + !!l
                                                         ^
conftest.c:80:62: warning: the address of 'i' will always evaluate as 'true' [-Waddress]
              return (!a + !b + !c + !d + !e + !f + !g + !h + !i + !!j + !k + !!l
                                                              ^
conftest.c:81:29: warning: the address of 'n' will always evaluate as 'true' [-Waddress]
                             ^
conftest.c:81:34: warning: the address of 'o' will always evaluate as 'true' [-Waddress]
                                  ^
conftest.c:81:39: warning: the address of 'p' will always evaluate as 'true' [-Waddress]
                                       ^
configure:12415: $? = 0
configure:12422: result: yes
configure:12424: checking for _Bool
configure:12424: gcc -c -g -O2 -DOS_LINUX -DDSO_DLFCN -DCPU=\"amd64\" -mtune=generic -I/usr/lib/jvm/default-java/include -I/usr/lib/jvm/default-java/include/linux -Wall -Wstrict-prototypes  conftest.c >&5
<command-line>:0:6: warning: missing terminating " character [enabled by default]
conftest.c:61:1: warning: function declaration isn't a prototype [-Wstrict-prototypes]
 main ()
 ^
configure:12424: $? = 0
configure:12424: gcc -c -g -O2 -DOS_LINUX -DDSO_DLFCN -DCPU=\"amd64\" -mtune=generic -I/usr/lib/jvm/default-java/include -I/usr/lib/jvm/default-java/include/linux -Wall -Wstrict-prototypes  conftest.c >&5
<command-line>:0:6: warning: missing terminating " character [enabled by default]
conftest.c:61:1: warning: function declaration isn't a prototype [-Wstrict-prototypes]
 main ()
 ^
conftest.c: In function 'main':
conftest.c:63:20: error: expected expression before ')' token
 if (sizeof ((_Bool)))
                    ^
configure:12424: $? = 1
configure: failed program was:
| /* confdefs.h */
| #define PACKAGE_NAME "libhdfs"
| #define PACKAGE_TARNAME "libhdfs"
| #define PACKAGE_VERSION "0.1.0"
| #define PACKAGE_STRING "libhdfs 0.1.0"
| #define PACKAGE_BUGREPORT "omalley@apache.org"
| #define PACKAGE_URL ""
| #define PACKAGE "libhdfs"
| #define VERSION "0.1.0"
| #define STDC_HEADERS 1
| #define HAVE_SYS_TYPES_H 1
| #define HAVE_SYS_STAT_H 1
| #define HAVE_STDLIB_H 1
| #define HAVE_STRING_H 1
| #define HAVE_MEMORY_H 1
| #define HAVE_STRINGS_H 1
| #define HAVE_INTTYPES_H 1
| #define HAVE_STDINT_H 1
| #define HAVE_UNISTD_H 1
| #define HAVE_DLFCN_H 1
| #define LT_OBJDIR ".libs/"
| #define HAVE_STRDUP 1
| #define HAVE_STRERROR 1
| #define HAVE_STRTOUL 1
| #define HAVE_FCNTL_H 1
| /* end confdefs.h.  */
| #include <stdio.h>
| #ifdef HAVE_SYS_TYPES_H
| # include <sys/types.h>
| #endif
| #ifdef HAVE_SYS_STAT_H
| # include <sys/stat.h>
| #endif
| #ifdef STDC_HEADERS
| # include <stdlib.h>
| # include <stddef.h>
| #else
| # ifdef HAVE_STDLIB_H
| #  include <stdlib.h>
| # endif
| #endif
| #ifdef HAVE_STRING_H
| # if !defined STDC_HEADERS && defined HAVE_MEMORY_H
| #  include <memory.h>
| # endif
| # include <string.h>
| #endif
| #ifdef HAVE_STRINGS_H
| # include <strings.h>
| #endif
| #ifdef HAVE_INTTYPES_H
| # include <inttypes.h>
| #endif
| #ifdef HAVE_STDINT_H
| # include <stdint.h>
| #endif
| #ifdef HAVE_UNISTD_H
| # include <unistd.h>
| #endif
| int
| main ()
| {
| if (sizeof ((_Bool)))
| 	    return 0;
|   ;
|   return 0;
| }
configure:12424: result: yes
configure:12441: checking for int16_t
configure:12441: gcc -c -g -O2 -DOS_LINUX -DDSO_DLFCN -DCPU=\"amd64\" -mtune=generic -I/usr/lib/jvm/default-java/include -I/usr/lib/jvm/default-java/include/linux -Wall -Wstrict-prototypes  conftest.c >&5
<command-line>:0:6: warning: missing terminating " character [enabled by default]
conftest.c:64:1: warning: function declaration isn't a prototype [-Wstrict-prototypes]
 main ()
 ^
configure:12441: $? = 0
configure:12441: gcc -c -g -O2 -DOS_LINUX -DDSO_DLFCN -DCPU=\"amd64\" -mtune=generic -I/usr/lib/jvm/default-java/include -I/usr/lib/jvm/default-java/include/linux -Wall -Wstrict-prototypes  conftest.c >&5
<command-line>:0:6: warning: missing terminating " character [enabled by default]
conftest.c:64:1: warning: function declaration isn't a prototype [-Wstrict-prototypes]
 main ()
 ^
conftest.c: In function 'main':
conftest.c:66:12: error: size of array 'test_array' is negative
 static int test_array [1 - 2 * !((int16_t) (((((int16_t) 1 << N) << N) - 1) * 2 + 1)
            ^
configure:12441: $? = 1
configure: failed program was:
| /* confdefs.h */
| #define PACKAGE_NAME "libhdfs"
| #define PACKAGE_TARNAME "libhdfs"
| #define PACKAGE_VERSION "0.1.0"
| #define PACKAGE_STRING "libhdfs 0.1.0"
| #define PACKAGE_BUGREPORT "omalley@apache.org"
| #define PACKAGE_URL ""
| #define PACKAGE "libhdfs"
| #define VERSION "0.1.0"
| #define STDC_HEADERS 1
| #define HAVE_SYS_TYPES_H 1
| #define HAVE_SYS_STAT_H 1
| #define HAVE_STDLIB_H 1
| #define HAVE_STRING_H 1
| #define HAVE_MEMORY_H 1
| #define HAVE_STRINGS_H 1
| #define HAVE_INTTYPES_H 1
| #define HAVE_STDINT_H 1
| #define HAVE_UNISTD_H 1
| #define HAVE_DLFCN_H 1
| #define LT_OBJDIR ".libs/"
| #define HAVE_STRDUP 1
| #define HAVE_STRERROR 1
| #define HAVE_STRTOUL 1
| #define HAVE_FCNTL_H 1
| #define HAVE__BOOL 1
| #define HAVE_STDBOOL_H 1
| /* end confdefs.h.  */
| #include <stdio.h>
| #ifdef HAVE_SYS_TYPES_H
| # include <sys/types.h>
| #endif
| #ifdef HAVE_SYS_STAT_H
| # include <sys/stat.h>
| #endif
| #ifdef STDC_HEADERS
| # include <stdlib.h>
| # include <stddef.h>
| #else
| # ifdef HAVE_STDLIB_H
| #  include <stdlib.h>
| # endif
| #endif
| #ifdef HAVE_STRING_H
| # if !defined STDC_HEADERS && defined HAVE_MEMORY_H
| #  include <memory.h>
| # endif
| # include <string.h>
| #endif
| #ifdef HAVE_STRINGS_H
| # include <strings.h>
| #endif
| #ifdef HAVE_INTTYPES_H
| # include <inttypes.h>
| #endif
| #ifdef HAVE_STDINT_H
| # include <stdint.h>
| #endif
| #ifdef HAVE_UNISTD_H
| # include <unistd.h>
| #endif
| 	        enum { N = 16 / 2 - 1 };
| int
| main ()
| {
| static int test_array [1 - 2 * !((int16_t) (((((int16_t) 1 << N) << N) - 1) * 2 + 1)
| 		 < (int16_t) (((((int16_t) 1 << N) << N) - 1) * 2 + 2))];
| test_array [0] = 0;
| return test_array [0];
| 
|   ;
|   return 0;
| }
configure:12441: result: yes
configure:12452: checking for int32_t
configure:12452: gcc -c -g -O2 -DOS_LINUX -DDSO_DLFCN -DCPU=\"amd64\" -mtune=generic -I/usr/lib/jvm/default-java/include -I/usr/lib/jvm/default-java/include/linux -Wall -Wstrict-prototypes  conftest.c >&5
<command-line>:0:6: warning: missing terminating " character [enabled by default]
conftest.c:64:1: warning: function declaration isn't a prototype [-Wstrict-prototypes]
 main ()
 ^
configure:12452: $? = 0
configure:12452: gcc -c -g -O2 -DOS_LINUX -DDSO_DLFCN -DCPU=\"amd64\" -mtune=generic -I/usr/lib/jvm/default-java/include -I/usr/lib/jvm/default-java/include/linux -Wall -Wstrict-prototypes  conftest.c >&5
<command-line>:0:6: warning: missing terminating " character [enabled by default]
conftest.c:64:1: warning: function declaration isn't a prototype [-Wstrict-prototypes]
 main ()
 ^
conftest.c: In function 'main':
conftest.c:67:53: warning: integer overflow in expression [-Woverflow]
    < (int32_t) (((((int32_t) 1 << N) << N) - 1) * 2 + 2))];
                                                     ^
conftest.c:66:12: error: storage size of 'test_array' isn't constant
 static int test_array [1 - 2 * !((int32_t) (((((int32_t) 1 << N) << N) - 1) * 2 + 1)
            ^
conftest.c:66:12: warning: unused variable 'test_array' [-Wunused-variable]
configure:12452: $? = 1
configure: failed program was:
| /* confdefs.h */
| #define PACKAGE_NAME "libhdfs"
| #define PACKAGE_TARNAME "libhdfs"
| #define PACKAGE_VERSION "0.1.0"
| #define PACKAGE_STRING "libhdfs 0.1.0"
| #define PACKAGE_BUGREPORT "omalley@apache.org"
| #define PACKAGE_URL ""
| #define PACKAGE "libhdfs"
| #define VERSION "0.1.0"
| #define STDC_HEADERS 1
| #define HAVE_SYS_TYPES_H 1
| #define HAVE_SYS_STAT_H 1
| #define HAVE_STDLIB_H 1
| #define HAVE_STRING_H 1
| #define HAVE_MEMORY_H 1
| #define HAVE_STRINGS_H 1
| #define HAVE_INTTYPES_H 1
| #define HAVE_STDINT_H 1
| #define HAVE_UNISTD_H 1
| #define HAVE_DLFCN_H 1
| #define LT_OBJDIR ".libs/"
| #define HAVE_STRDUP 1
| #define HAVE_STRERROR 1
| #define HAVE_STRTOUL 1
| #define HAVE_FCNTL_H 1
| #define HAVE__BOOL 1
| #define HAVE_STDBOOL_H 1
| /* end confdefs.h.  */
| #include <stdio.h>
| #ifdef HAVE_SYS_TYPES_H
| # include <sys/types.h>
| #endif
| #ifdef HAVE_SYS_STAT_H
| # include <sys/stat.h>
| #endif
| #ifdef STDC_HEADERS
| # include <stdlib.h>
| # include <stddef.h>
| #else
| # ifdef HAVE_STDLIB_H
| #  include <stdlib.h>
| # endif
| #endif
| #ifdef HAVE_STRING_H
| # if !defined STDC_HEADERS && defined HAVE_MEMORY_H
| #  include <memory.h>
| # endif
| # include <string.h>
| #endif
| #ifdef HAVE_STRINGS_H
| # include <strings.h>
| #endif
| #ifdef HAVE_INTTYPES_H
| # include <inttypes.h>
| #endif
| #ifdef HAVE_STDINT_H
| # include <stdint.h>
| #endif
| #ifdef HAVE_UNISTD_H
| # include <unistd.h>
| #endif
| 	        enum { N = 32 / 2 - 1 };
| int
| main ()
| {
| static int test_array [1 - 2 * !((int32_t) (((((int32_t) 1 << N) << N) - 1) * 2 + 1)
| 		 < (int32_t) (((((int32_t) 1 << N) << N) - 1) * 2 + 2))];
| test_array [0] = 0;
| return test_array [0];
| 
|   ;
|   return 0;
| }
configure:12452: result: yes
configure:12463: checking for int64_t
configure:12463: gcc -c -g -O2 -DOS_LINUX -DDSO_DLFCN -DCPU=\"amd64\" -mtune=generic -I/usr/lib/jvm/default-java/include -I/usr/lib/jvm/default-java/include/linux -Wall -Wstrict-prototypes  conftest.c >&5
<command-line>:0:6: warning: missing terminating " character [enabled by default]
conftest.c:64:1: warning: function declaration isn't a prototype [-Wstrict-prototypes]
 main ()
 ^
configure:12463: $? = 0
configure:12463: gcc -c -g -O2 -DOS_LINUX -DDSO_DLFCN -DCPU=\"amd64\" -mtune=generic -I/usr/lib/jvm/default-java/include -I/usr/lib/jvm/default-java/include/linux -Wall -Wstrict-prototypes  conftest.c >&5
<command-line>:0:6: warning: missing terminating " character [enabled by default]
conftest.c:64:1: warning: function declaration isn't a prototype [-Wstrict-prototypes]
 main ()
 ^
conftest.c: In function 'main':
conftest.c:67:53: warning: integer overflow in expression [-Woverflow]
    < (int64_t) (((((int64_t) 1 << N) << N) - 1) * 2 + 2))];
                                                     ^
conftest.c:66:12: error: storage size of 'test_array' isn't constant
 static int test_array [1 - 2 * !((int64_t) (((((int64_t) 1 << N) << N) - 1) * 2 + 1)
            ^
conftest.c:66:12: warning: unused variable 'test_array' [-Wunused-variable]
configure:12463: $? = 1
configure: failed program was:
| /* confdefs.h */
| #define PACKAGE_NAME "libhdfs"
| #define PACKAGE_TARNAME "libhdfs"
| #define PACKAGE_VERSION "0.1.0"
| #define PACKAGE_STRING "libhdfs 0.1.0"
| #define PACKAGE_BUGREPORT "omalley@apache.org"
| #define PACKAGE_URL ""
| #define PACKAGE "libhdfs"
| #define VERSION "0.1.0"
| #define STDC_HEADERS 1
| #define HAVE_SYS_TYPES_H 1
| #define HAVE_SYS_STAT_H 1
| #define HAVE_STDLIB_H 1
| #define HAVE_STRING_H 1
| #define HAVE_MEMORY_H 1
| #define HAVE_STRINGS_H 1
| #define HAVE_INTTYPES_H 1
| #define HAVE_STDINT_H 1
| #define HAVE_UNISTD_H 1
| #define HAVE_DLFCN_H 1
| #define LT_OBJDIR ".libs/"
| #define HAVE_STRDUP 1
| #define HAVE_STRERROR 1
| #define HAVE_STRTOUL 1
| #define HAVE_FCNTL_H 1
| #define HAVE__BOOL 1
| #define HAVE_STDBOOL_H 1
| /* end confdefs.h.  */
| #include <stdio.h>
| #ifdef HAVE_SYS_TYPES_H
| # include <sys/types.h>
| #endif
| #ifdef HAVE_SYS_STAT_H
| # include <sys/stat.h>
| #endif
| #ifdef STDC_HEADERS
| # include <stdlib.h>
| # include <stddef.h>
| #else
| # ifdef HAVE_STDLIB_H
| #  include <stdlib.h>
| # endif
| #endif
| #ifdef HAVE_STRING_H
| # if !defined STDC_HEADERS && defined HAVE_MEMORY_H
| #  include <memory.h>
| # endif
| # include <string.h>
| #endif
| #ifdef HAVE_STRINGS_H
| # include <strings.h>
| #endif
| #ifdef HAVE_INTTYPES_H
| # include <inttypes.h>
| #endif
| #ifdef HAVE_STDINT_H
| # include <stdint.h>
| #endif
| #ifdef HAVE_UNISTD_H
| # include <unistd.h>
| #endif
| 	        enum { N = 64 / 2 - 1 };
| int
| main ()
| {
| static int test_array [1 - 2 * !((int64_t) (((((int64_t) 1 << N) << N) - 1) * 2 + 1)
| 		 < (int64_t) (((((int64_t) 1 << N) << N) - 1) * 2 + 2))];
| test_array [0] = 0;
| return test_array [0];
| 
|   ;
|   return 0;
| }
configure:12463: result: yes
configure:12474: checking for uint16_t
configure:12474: gcc -c -g -O2 -DOS_LINUX -DDSO_DLFCN -DCPU=\"amd64\" -mtune=generic -I/usr/lib/jvm/default-java/include -I/usr/lib/jvm/default-java/include/linux -Wall -Wstrict-prototypes  conftest.c >&5
<command-line>:0:6: warning: missing terminating " character [enabled by default]
conftest.c:63:1: warning: function declaration isn't a prototype [-Wstrict-prototypes]
 main ()
 ^
configure:12474: $? = 0
configure:12474: result: yes
configure:12653: creating ./config.status

## ---------------------- ##
## Running config.status. ##
## ---------------------- ##

This file was extended by libhdfs config.status 0.1.0, which was
generated by GNU Autoconf 2.69.  Invocation command line was

  CONFIG_FILES    = 
  CONFIG_HEADERS  = 
  CONFIG_LINKS    = 
  CONFIG_COMMANDS = 
  $ ./config.status 

on zhao

config.status:982: creating Makefile
config.status:1133: executing depfiles commands
config.status:1133: executing libtool commands

## ---------------- ##
## Cache variables. ##
## ---------------- ##

ac_cv_build=x86_64-unknown-linux-gnu
ac_cv_c_compiler_gnu=yes
ac_cv_c_const=yes
ac_cv_c_int16_t=yes
ac_cv_c_int32_t=yes
ac_cv_c_int64_t=yes
ac_cv_c_uint16_t=yes
ac_cv_c_volatile=yes
ac_cv_env_CC_set=
ac_cv_env_CC_value=
ac_cv_env_CFLAGS_set=
ac_cv_env_CFLAGS_value=
ac_cv_env_CPPFLAGS_set=
ac_cv_env_CPPFLAGS_value=
ac_cv_env_CPP_set=
ac_cv_env_CPP_value=
ac_cv_env_LDFLAGS_set=
ac_cv_env_LDFLAGS_value=
ac_cv_env_LIBS_set=
ac_cv_env_LIBS_value=
ac_cv_env_build_alias_set=
ac_cv_env_build_alias_value=
ac_cv_env_host_alias_set=
ac_cv_env_host_alias_value=
ac_cv_env_target_alias_set=
ac_cv_env_target_alias_value=
ac_cv_func_strdup=yes
ac_cv_func_strerror=yes
ac_cv_func_strtoul=yes
ac_cv_header_dlfcn_h=yes
ac_cv_header_fcntl_h=yes
ac_cv_header_inttypes_h=yes
ac_cv_header_memory_h=yes
ac_cv_header_stdbool_h=yes
ac_cv_header_stdc=yes
ac_cv_header_stdint_h=yes
ac_cv_header_stdlib_h=yes
ac_cv_header_string_h=yes
ac_cv_header_strings_h=yes
ac_cv_header_sys_stat_h=yes
ac_cv_header_sys_types_h=yes
ac_cv_header_unistd_h=yes
ac_cv_host=x86_64-unknown-linux-gnu
ac_cv_host_system_type=x86_64-unknown-linux-gnu
ac_cv_objext=o
ac_cv_path_EGREP='/bin/grep -E'
ac_cv_path_FGREP='/bin/grep -F'
ac_cv_path_GREP=/bin/grep
ac_cv_path_JAR=/usr/lib/jvm/default-java/bin/jar
ac_cv_path_JAVAC=/usr/lib/jvm/default-java/bin/javac
ac_cv_path_KAFFEVM=NONE
ac_cv_path_SABLEVM=NONE
ac_cv_path_SED=/bin/sed
ac_cv_path_install='/usr/bin/install -c'
ac_cv_prog_AWK=mawk
ac_cv_prog_CPP='gcc -E'
ac_cv_prog_ac_ct_AR=ar
ac_cv_prog_ac_ct_CC=gcc
ac_cv_prog_ac_ct_RANLIB=ranlib
ac_cv_prog_ac_ct_STRIP=strip
ac_cv_prog_cc_c89=
ac_cv_prog_cc_g=yes
ac_cv_prog_make_make_set=yes
ac_cv_type__Bool=yes
ac_cv_type_size_t=yes
am_cv_CC_dependencies_compiler_type=gcc3
ap_cv_prog_javac_works=yes
lt_cv_deplibs_check_method=pass_all
lt_cv_file_magic_cmd='$MAGIC_CMD'
lt_cv_file_magic_test_file=
lt_cv_ld_reload_flag=-r
lt_cv_nm_interface='BSD nm'
lt_cv_objdir=.libs
lt_cv_path_LD=/usr/bin/ld
lt_cv_path_NM='/usr/bin/nm -B'
lt_cv_prog_compiler_c_o=yes
lt_cv_prog_compiler_pic_works=yes
lt_cv_prog_compiler_rtti_exceptions=no
lt_cv_prog_compiler_static_works=yes
lt_cv_prog_gnu_ld=yes
lt_cv_sys_global_symbol_pipe='sed -n -e '\''s/^.*[	 ]\([ABCDGIRSTW][ABCDGIRSTW]*\)[	 ][	 ]*\([_A-Za-z][_A-Za-z0-9]*\)$/\1 \2 \2/p'\'''
lt_cv_sys_global_symbol_to_c_name_address='sed -n -e '\''s/^: \([^ ]*\) $/  {\"\1\", (void *) 0},/p'\'' -e '\''s/^[ABCDGIRSTW]* \([^ ]*\) \([^ ]*\)$/  {"\2", (void *) \&\2},/p'\'''
lt_cv_sys_global_symbol_to_c_name_address_lib_prefix='sed -n -e '\''s/^: \([^ ]*\) $/  {\"\1\", (void *) 0},/p'\'' -e '\''s/^[ABCDGIRSTW]* \([^ ]*\) \(lib[^ ]*\)$/  {"\2", (void *) \&\2},/p'\'' -e '\''s/^[ABCDGIRSTW]* \([^ ]*\) \([^ ]*\)$/  {"lib\2", (void *) \&\2},/p'\'''
lt_cv_sys_global_symbol_to_cdecl='sed -n -e '\''s/^T .* \(.*\)$/extern int \1();/p'\'' -e '\''s/^[ABCDGIRSTW]* .* \(.*\)$/extern char \1;/p'\'''
lt_cv_sys_max_cmd_len=1572864

## ----------------- ##
## Output variables. ##
## ----------------- ##

ACLOCAL='${SHELL} /root/PowerGraph/deps/hadoop/src/hadoop/src/c++/libhdfs/missing --run aclocal-1.9'
AMDEPBACKSLASH='\'
AMDEP_FALSE='#'
AMDEP_TRUE=''
AMTAR='${SHELL} /root/PowerGraph/deps/hadoop/src/hadoop/src/c++/libhdfs/missing --run tar'
AR='ar'
AUTOCONF='${SHELL} /root/PowerGraph/deps/hadoop/src/hadoop/src/c++/libhdfs/missing --run autoconf'
AUTOHEADER='${SHELL} /root/PowerGraph/deps/hadoop/src/hadoop/src/c++/libhdfs/missing --run autoheader'
AUTOMAKE='${SHELL} /root/PowerGraph/deps/hadoop/src/hadoop/src/c++/libhdfs/missing --run automake-1.9'
AWK='mawk'
CC='gcc'
CCDEPMODE='depmode=gcc3'
CFLAGS='-g -O2 -DOS_LINUX -DDSO_DLFCN -DCPU=\"amd64\" -mtune=generic -I/usr/lib/jvm/default-java/include -I/usr/lib/jvm/default-java/include/linux -Wall -Wstrict-prototypes'
CPP='gcc -E'
CPPFLAGS=''
CYGPATH_W='echo'
DEFS='-DPACKAGE_NAME=\"libhdfs\" -DPACKAGE_TARNAME=\"libhdfs\" -DPACKAGE_VERSION=\"0.1.0\" -DPACKAGE_STRING=\"libhdfs\ 0.1.0\" -DPACKAGE_BUGREPORT=\"omalley@apache.org\" -DPACKAGE_URL=\"\" -DPACKAGE=\"libhdfs\" -DVERSION=\"0.1.0\" -DSTDC_HEADERS=1 -DHAVE_SYS_TYPES_H=1 -DHAVE_SYS_STAT_H=1 -DHAVE_STDLIB_H=1 -DHAVE_STRING_H=1 -DHAVE_MEMORY_H=1 -DHAVE_STRINGS_H=1 -DHAVE_INTTYPES_H=1 -DHAVE_STDINT_H=1 -DHAVE_UNISTD_H=1 -DHAVE_DLFCN_H=1 -DLT_OBJDIR=\".libs/\" -DHAVE_STRDUP=1 -DHAVE_STRERROR=1 -DHAVE_STRTOUL=1 -DHAVE_FCNTL_H=1 -DHAVE__BOOL=1 -DHAVE_STDBOOL_H=1'
DEPDIR='.deps'
DSYMUTIL=''
DUMPBIN=''
ECHO_C=''
ECHO_N='-n'
ECHO_T=''
EGREP='/bin/grep -E'
EXEEXT=''
FGREP='/bin/grep -F'
GREP='/bin/grep'
INSTALL_DATA='${INSTALL} -m 644'
INSTALL_PROGRAM='${INSTALL}'
INSTALL_SCRIPT='${INSTALL}'
INSTALL_STRIP_PROGRAM='${SHELL} $(install_sh) -c -s'
JAR='/usr/lib/jvm/default-java/bin/jar'
JARSABLE='NONE'
JAVAC='/usr/lib/jvm/default-java/bin/javac'
JAVACFLAGS=''
JAVACSABLE='NONE'
JAVA_HOME='/usr/lib/jvm/default-java'
KAFFEVM='NONE'
LD='/usr/bin/ld -m elf_x86_64'
LDCMD='gcc'
LDFLAGS=' -mtune=generic -L/usr/lib/jvm/default-java/lib/server  -ljvm -Wl,-x'
LIBOBJS=''
LIBS=' -ldl -lpthread'
LIBTOOL='$(SHELL) $(top_builddir)/libtool'
LIB_JVM_DIR='/usr/lib/jvm/default-java/lib/server '
LN_S='ln -s'
LTLIBOBJS=''
MAKEINFO='${SHELL} /root/PowerGraph/deps/hadoop/src/hadoop/src/c++/libhdfs/missing --run makeinfo'
NM='/usr/bin/nm -B'
NMEDIT=''
OBJEXT='o'
PACKAGE='libhdfs'
PACKAGE_BUGREPORT='omalley@apache.org'
PACKAGE_NAME='libhdfs'
PACKAGE_STRING='libhdfs 0.1.0'
PACKAGE_TARNAME='libhdfs'
PACKAGE_URL=''
PACKAGE_VERSION='0.1.0'
PATH_SEPARATOR=':'
PRODUCT_MK=''
RANLIB='ranlib'
SABLEVM='NONE'
SED='/bin/sed'
SET_MAKE=''
SHELL='/bin/bash'
STRIP='strip'
VERSION='0.1.0'
ac_ct_CC='gcc'
ac_ct_DUMPBIN=''
am__fastdepCC_FALSE='#'
am__fastdepCC_TRUE=''
am__include='include'
am__leading_dot='.'
am__quote=''
am__tar='${AMTAR} chof - "$$tardir"'
am__untar='${AMTAR} xf -'
bindir='${exec_prefix}/bin'
build='x86_64-unknown-linux-gnu'
build_alias=''
build_cpu='x86_64'
build_os='linux-gnu'
build_vendor='unknown'
datadir='${datarootdir}'
datarootdir='${prefix}/share'
docdir='${datarootdir}/doc/${PACKAGE_TARNAME}'
dvidir='${docdir}'
exec_prefix='${prefix}'
host='x86_64-unknown-linux-gnu'
host_alias=''
host_cpu='x86_64'
host_os='linux-gnu'
host_vendor='unknown'
htmldir='${docdir}'
includedir='${prefix}/include'
infodir='${datarootdir}/info'
install_sh='/root/PowerGraph/deps/hadoop/src/hadoop/src/c++/libhdfs/install-sh'
libdir='${exec_prefix}/lib'
libexecdir='${exec_prefix}/libexec'
localedir='${datarootdir}/locale'
localstatedir='${prefix}/var'
lt_ECHO='echo'
mandir='${datarootdir}/man'
mkdir_p='mkdir -p --'
oldincludedir='/usr/include'
pdfdir='${docdir}'
prefix='/root/PowerGraph/deps/local'
program_transform_name='s,x,x,'
psdir='${docdir}'
runstatedir='${localstatedir}/run'
sbindir='${exec_prefix}/sbin'
sharedstatedir='${prefix}/com'
sysconfdir='${prefix}/etc'
target_alias=''

## ----------- ##
## confdefs.h. ##
## ----------- ##

/* confdefs.h */
#define PACKAGE_NAME "libhdfs"
#define PACKAGE_TARNAME "libhdfs"
#define PACKAGE_VERSION "0.1.0"
#define PACKAGE_STRING "libhdfs 0.1.0"
#define PACKAGE_BUGREPORT "omalley@apache.org"
#define PACKAGE_URL ""
#define PACKAGE "libhdfs"
#define VERSION "0.1.0"
#define STDC_HEADERS 1
#define HAVE_SYS_TYPES_H 1
#define HAVE_SYS_STAT_H 1
#define HAVE_STDLIB_H 1
#define HAVE_STRING_H 1
#define HAVE_MEMORY_H 1
#define HAVE_STRINGS_H 1
#define HAVE_INTTYPES_H 1
#define HAVE_STDINT_H 1
#define HAVE_UNISTD_H 1
#define HAVE_DLFCN_H 1
#define LT_OBJDIR ".libs/"
#define HAVE_STRDUP 1
#define HAVE_STRERROR 1
#define HAVE_STRTOUL 1
#define HAVE_FCNTL_H 1
#define HAVE__BOOL 1
#define HAVE_STDBOOL_H 1

configure: exit 0
