Wed Apr 15 20:26:53 CST 2020
System Information: 
#92-Ubuntu SMP Fri Feb 28 11:09:48 UTC 2020
Compiler Information: 
gcc (Ubuntu 4.8.5-4ubuntu8) 4.8.5
Copyright (C) 2015 Free Software Foundation, Inc.
This is free software; see the source for copying conditions.  There is NO
warranty; not even for MERCHANTABILITY or FITNESS FOR A PARTICULAR PURPOSE.

g++ (Ubuntu 4.8.5-4ubuntu8) 4.8.5
Copyright (C) 2015 Free Software Foundation, Inc.
This is free software; see the source for copying conditions.  There is NO
warranty; not even for MERCHANTABILITY or FITNESS FOR A PARTICULAR PURPOSE.

cmake version 3.13.0-rc1

CMake suite maintained and supported by Kitware (kitware.com/cmake).
javac 11.0.6
# Release build directory:
	 RELEASE_DIR=release
# Debug build directory (optimization disabled):
	 DEBUG_DIR=debug
# Directory in which graphlab is installed (prefix):
	 INSTALL_DIR=/usr/local
# Is experimental (research) code enabled:
	 EXPERIMENTAL=false
# The graphlab home directory: 
	 GRAPHLAB_HOME=/root/PowerGraph
# The directory in which graphlab installs external dependencies:
	 DEPS_PREFIX=/root/PowerGraph/deps/local
# Use OpenMP?  This can accelerate some graph building code: 
	 NO_OPENMP=false
# Use MPI?  Without MPI GraphLab cannot run distributed: 
	 NO_MPI=false
# Use tcmalloc?  Thread-Caching Malloc improves memory allocation: 
	 NO_TCMALLOC=false
# The c compiler to use: 
	 CC=gcc
# The c++ compiler to use: 
	 CXX=g++
# Any addition user defined CFLAGS: 
	 CFLAGS=
# The Java compiler: 
	 JAVAC=javac
# The cmake binary used to geneate the project:
	 CMAKE=cmake



======================= Release ========================
cmake -D CMAKE_BUILD_TYPE=Release -D NO_OPENMP:BOOL=false -D NO_MPI:BOOL=false -D NO_TCMALLOC:BOOL=false -D CMAKE_INSTALL_PREFIX:STRING=/usr/local -D EXPERIMENTAL:BOOL=false -D CPP11:BOOL=false -D VID32:BOOL=false ../.
-- The C compiler identification is GNU 4.8.5
-- The CXX compiler identification is GNU 4.8.5
-- Check for working C compiler: /usr/bin/cc
-- Check for working C compiler: /usr/bin/cc -- works
-- Detecting C compiler ABI info
-- Detecting C compiler ABI info - done
-- Detecting C compile features
-- Detecting C compile features - done
-- Check for working CXX compiler: /usr/bin/c++
-- Check for working CXX compiler: /usr/bin/c++ -- works
-- Detecting CXX compiler ABI info
-- Detecting CXX compiler ABI info - done
-- Detecting CXX compile features
-- Detecting CXX compile features - done
-- Boost libs: /root/PowerGraph/deps/local/lib/libboost_filesystem.a/root/PowerGraph/deps/local/lib/libboost_program_options.a/root/PowerGraph/deps/local/lib/libboost_system.a/root/PowerGraph/deps/local/lib/libboost_iostreams.a/root/PowerGraph/deps/local/lib/libboost_context.a/root/PowerGraph/deps/local/lib/libboost_date_time.a
-- Boost libs: /root/PowerGraph/deps/local/lib/libboost_filesystem.a
-- Boost dyn libs: /root/PowerGraph/deps/local/lib/libboost_filesystem.so
-- Boost libs: /root/PowerGraph/deps/local/lib/libboost_program_options.a
-- Boost dyn libs: /root/PowerGraph/deps/local/lib/libboost_program_options.so
-- Boost libs: /root/PowerGraph/deps/local/lib/libboost_system.a
-- Boost dyn libs: /root/PowerGraph/deps/local/lib/libboost_system.so
-- Boost libs: /root/PowerGraph/deps/local/lib/libboost_iostreams.a
-- Boost dyn libs: /root/PowerGraph/deps/local/lib/libboost_iostreams.so
-- Boost libs: /root/PowerGraph/deps/local/lib/libboost_context.a
-- Boost dyn libs: /root/PowerGraph/deps/local/lib/libboost_context.so
-- Boost libs: /root/PowerGraph/deps/local/lib/libboost_date_time.a
-- Boost dyn libs: /root/PowerGraph/deps/local/lib/libboost_date_time.so
-- Boost Shared libs: /root/PowerGraph/deps/local/lib/libboost_filesystem.so/root/PowerGraph/deps/local/lib/libboost_program_options.so/root/PowerGraph/deps/local/lib/libboost_system.so/root/PowerGraph/deps/local/lib/libboost_iostreams.so/root/PowerGraph/deps/local/lib/libboost_context.so/root/PowerGraph/deps/local/lib/libboost_date_time.so
-- Found Java: /usr/bin/java (found version "11.0.6") 
-- Found JNI: /usr/lib/jvm/default-java/lib/libjawt.so  
-- jni.h was found at /usr/lib/jvm/default-java/include/jni.h
-- Java Home guessed: /usr/lib/jvm/default-java
-- Could NOT find ANT (missing: ANT_EXEC) 
-- Building libhdfs
-- Found MPI_C: /usr/lib/x86_64-linux-gnu/openmpi/lib/libmpi.so (found version "3.1") 
-- Found MPI_CXX: /usr/lib/x86_64-linux-gnu/openmpi/lib/libmpi_cxx.so (found version "3.1") 
-- Found MPI: TRUE (found version "3.1")  
-- MPI Found: /usr/lib/x86_64-linux-gnu/openmpi/lib/libmpi_cxx.so/usr/lib/x86_64-linux-gnu/openmpi/lib/libmpi.so
-- Looking for pthread_setaffinity_np
-- Looking for pthread_setaffinity_np - found
-- Performing Test HAS_MARCH_NATIVE
-- Performing Test HAS_MARCH_NATIVE - Success
-- Performing Test HAS_MTUNE_NATIVE
-- Performing Test HAS_MTUNE_NATIVE - Success
-- Performing Test HAS_WNO_LOCAL_TYPEDEFS
-- Performing Test HAS_WNO_LOCAL_TYPEDEFS - Success
-- Performing Test HAS_CRC32
-- Performing Test HAS_CRC32 - Success
-- Release build with C++ flags: -O3 -Wno-unused-local-typedefs -Wno-attributes -march=native -mtune=native  -Wall -g  -fopenmp -DHAS_BUILTIN_CRC32
-- Release build with C flags: -O3 -Wno-attributes -march=native -mtune=native  -Wall -g  -fopenmp
-- Found PythonInterp: /usr/bin/python (found version "2.7.17") 
-- Copying Files: *
-- Up-to-date: /root/PowerGraph/release/tests/data
-- Up-to-date: /root/PowerGraph/release/tests/data/test_tsv
-- Up-to-date: /root/PowerGraph/release/tests/data/test_tsv/test.tsv
-- Up-to-date: /root/PowerGraph/release/tests/data/test_adj
-- Up-to-date: /root/PowerGraph/release/tests/data/test_adj/test.adj
-- Up-to-date: /root/PowerGraph/release/tests/data/test_snap
-- Up-to-date: /root/PowerGraph/release/tests/data/test_snap/test.snap
-- Up-to-date: /root/PowerGraph/release/tests/data/CMakeLists.txt
-- Detected demo app: dsl
-- Detected demo app: pagerank
-- Detected demo app: rpc
-- Detected Toolkit: clustering
-- Detected Toolkit: collaborative_filtering
-- Detected Toolkit: computer_vision
-- Detected Toolkit: extensions
-- Detected Toolkit: graph_algorithms
-- Detected Toolkit: graph_analytics
-- Detected Toolkit: graphical_models
-- Detected App: denoise
-- Detected App: test_MAD_relation
-- Detected App: test_bool_var
-- Detected App: test_dense_table
-- Detected App: test_sparse_table
-- Detected Toolkit: linear_solvers
-- Detected Toolkit: topic_modeling
-- Detected App: cascades
-- Detected App: concomp
-- Detected App: example
-- Detected App: label_propagation
-- Configuring done
-- Generating done
-- Build files have been written to: /root/PowerGraph/release



======================= Debug =========================
cmake -D CMAKE_BUILD_TYPE=Debug -D NO_OPENMP:BOOL=false -D NO_MPI:BOOL=false -D NO_TCMALLOC:BOOL=false -D CMAKE_INSTALL_PREFIX:STRING=/usr/local -D EXPERIMENTAL:BOOL=false -D CPP11:BOOL=false -D VID32:BOOL=false ../.
-- The C compiler identification is GNU 4.8.5
-- The CXX compiler identification is GNU 4.8.5
-- Check for working C compiler: /usr/bin/cc
-- Check for working C compiler: /usr/bin/cc -- works
-- Detecting C compiler ABI info
-- Detecting C compiler ABI info - done
-- Detecting C compile features
-- Detecting C compile features - done
-- Check for working CXX compiler: /usr/bin/c++
-- Check for working CXX compiler: /usr/bin/c++ -- works
-- Detecting CXX compiler ABI info
-- Detecting CXX compiler ABI info - done
-- Detecting CXX compile features
-- Detecting CXX compile features - done
-- Boost libs: /root/PowerGraph/deps/local/lib/libboost_filesystem.a/root/PowerGraph/deps/local/lib/libboost_program_options.a/root/PowerGraph/deps/local/lib/libboost_system.a/root/PowerGraph/deps/local/lib/libboost_iostreams.a/root/PowerGraph/deps/local/lib/libboost_context.a/root/PowerGraph/deps/local/lib/libboost_date_time.a
-- Boost libs: /root/PowerGraph/deps/local/lib/libboost_filesystem.a
-- Boost dyn libs: /root/PowerGraph/deps/local/lib/libboost_filesystem.so
-- Boost libs: /root/PowerGraph/deps/local/lib/libboost_program_options.a
-- Boost dyn libs: /root/PowerGraph/deps/local/lib/libboost_program_options.so
-- Boost libs: /root/PowerGraph/deps/local/lib/libboost_system.a
-- Boost dyn libs: /root/PowerGraph/deps/local/lib/libboost_system.so
-- Boost libs: /root/PowerGraph/deps/local/lib/libboost_iostreams.a
-- Boost dyn libs: /root/PowerGraph/deps/local/lib/libboost_iostreams.so
-- Boost libs: /root/PowerGraph/deps/local/lib/libboost_context.a
-- Boost dyn libs: /root/PowerGraph/deps/local/lib/libboost_context.so
-- Boost libs: /root/PowerGraph/deps/local/lib/libboost_date_time.a
-- Boost dyn libs: /root/PowerGraph/deps/local/lib/libboost_date_time.so
-- Boost Shared libs: /root/PowerGraph/deps/local/lib/libboost_filesystem.so/root/PowerGraph/deps/local/lib/libboost_program_options.so/root/PowerGraph/deps/local/lib/libboost_system.so/root/PowerGraph/deps/local/lib/libboost_iostreams.so/root/PowerGraph/deps/local/lib/libboost_context.so/root/PowerGraph/deps/local/lib/libboost_date_time.so
-- Found Java: /usr/bin/java (found version "11.0.6") 
-- Found JNI: /usr/lib/jvm/default-java/lib/libjawt.so  
-- jni.h was found at /usr/lib/jvm/default-java/include/jni.h
-- Java Home guessed: /usr/lib/jvm/default-java
-- Could NOT find ANT (missing: ANT_EXEC) 
-- Building libhdfs
-- Found MPI_C: /usr/lib/x86_64-linux-gnu/openmpi/lib/libmpi.so (found version "3.1") 
-- Found MPI_CXX: /usr/lib/x86_64-linux-gnu/openmpi/lib/libmpi_cxx.so (found version "3.1") 
-- Found MPI: TRUE (found version "3.1")  
-- MPI Found: /usr/lib/x86_64-linux-gnu/openmpi/lib/libmpi_cxx.so/usr/lib/x86_64-linux-gnu/openmpi/lib/libmpi.so
-- Looking for pthread_setaffinity_np
-- Looking for pthread_setaffinity_np - found
-- Performing Test HAS_MARCH_NATIVE
-- Performing Test HAS_MARCH_NATIVE - Success
-- Performing Test HAS_MTUNE_NATIVE
-- Performing Test HAS_MTUNE_NATIVE - Success
-- Performing Test HAS_WNO_LOCAL_TYPEDEFS
-- Performing Test HAS_WNO_LOCAL_TYPEDEFS - Success
-- Performing Test HAS_CRC32
-- Performing Test HAS_CRC32 - Success
-- Debug build with C++ flags: -O0 -Wno-unused-local-typedefs -Wno-attributes -march=native -Winit-self  -Wall -g  -fopenmp
-- Debug build with C flags: -O0 -Wno-attributes -march=native -Winit-self  -Wall -g  -fopenmp
-- Found PythonInterp: /usr/bin/python (found version "2.7.17") 
-- Copying Files: *
-- Up-to-date: /root/PowerGraph/debug/tests/data
-- Up-to-date: /root/PowerGraph/debug/tests/data/test_tsv
-- Up-to-date: /root/PowerGraph/debug/tests/data/test_tsv/test.tsv
-- Up-to-date: /root/PowerGraph/debug/tests/data/test_adj
-- Up-to-date: /root/PowerGraph/debug/tests/data/test_adj/test.adj
-- Up-to-date: /root/PowerGraph/debug/tests/data/test_snap
-- Up-to-date: /root/PowerGraph/debug/tests/data/test_snap/test.snap
-- Up-to-date: /root/PowerGraph/debug/tests/data/CMakeLists.txt
-- Detected demo app: dsl
-- Detected demo app: pagerank
-- Detected demo app: rpc
-- Detected Toolkit: clustering
-- Detected Toolkit: collaborative_filtering
-- Detected Toolkit: computer_vision
-- Detected Toolkit: extensions
-- Detected Toolkit: graph_algorithms
-- Detected Toolkit: graph_analytics
-- Detected Toolkit: graphical_models
-- Detected App: denoise
-- Detected App: test_MAD_relation
-- Detected App: test_bool_var
-- Detected App: test_dense_table
-- Detected App: test_sparse_table
-- Detected Toolkit: linear_solvers
-- Detected Toolkit: topic_modeling
-- Detected App: cascades
-- Detected App: concomp
-- Detected App: example
-- Detected App: label_propagation
-- Configuring done
-- Generating done
-- Build files have been written to: /root/PowerGraph/debug
