This file contains any messages produced by compilers while
running configure, to aid debugging if configure makes a mistake.

It was created by zookeeper C client configure 3.5.1, which was
generated by GNU Autoconf 2.69.  Invocation command line was

  $ ./configure --prefix=/root/PowerGraph/deps/local --disable-shared

## --------- ##
## Platform. ##
## --------- ##

hostname = zhao
uname -m = x86_64
uname -r = 4.15.0-91-generic
uname -s = Linux
uname -v = #92-Ubuntu SMP Fri Feb 28 11:09:48 UTC 2020

/usr/bin/uname -p = unknown
/bin/uname -X     = unknown

/bin/arch              = unknown
/usr/bin/arch -k       = unknown
/usr/convex/getsysinfo = unknown
/usr/bin/hostinfo      = unknown
/bin/machine           = unknown
/usr/bin/oslevel       = unknown
/bin/universe          = unknown

PATH: /usr/local/sbin
PATH: /usr/local/bin
PATH: /usr/sbin
PATH: /usr/bin
PATH: /sbin
PATH: /bin
PATH: /usr/games
PATH: /usr/local/games


## ----------- ##
## Core tests. ##
## ----------- ##

configure:2597: checking for doxygen
configure:2630: result: no
configure:2703: checking for perl
configure:2721: found /usr/bin/perl
configure:2733: result: /usr/bin/perl
configure:2875: checking for dot
configure:2908: result: no
configure:4462: checking for a BSD-compatible install
configure:4530: result: /usr/bin/install -c
configure:4541: checking whether build environment is sane
configure:4596: result: yes
configure:4747: checking for a thread-safe mkdir -p
configure:4786: result: /bin/mkdir -p
configure:4793: checking for gawk
configure:4823: result: no
configure:4793: checking for mawk
configure:4809: found /usr/bin/mawk
configure:4820: result: mawk
configure:4831: checking whether make sets $(MAKE)
configure:4853: result: yes
configure:4882: checking whether make supports nested variables
configure:4899: result: yes
configure:5074: checking for cppunit-config
configure:5105: result: no
configure:5115: checking for Cppunit - version >= 1.10.2
configure:5119: result: no
configure:5187: checking for generated/zookeeper.jute.c
configure:5200: result: yes
configure:5212: checking for generated/zookeeper.jute.h
configure:5225: result: yes
configure:5289: checking for gcc
configure:5305: found /usr/bin/gcc
configure:5316: result: gcc
configure:5545: checking for C compiler version
configure:5554: gcc --version >&5
gcc (Ubuntu 4.8.5-4ubuntu8) 4.8.5
Copyright (C) 2015 Free Software Foundation, Inc.
This is free software; see the source for copying conditions.  There is NO
warranty; not even for MERCHANTABILITY or FITNESS FOR A PARTICULAR PURPOSE.

configure:5565: $? = 0
configure:5554: gcc -v >&5
Using built-in specs.
COLLECT_GCC=gcc
COLLECT_LTO_WRAPPER=/usr/lib/gcc/x86_64-linux-gnu/4.8/lto-wrapper
Target: x86_64-linux-gnu
Configured with: ../src/configure -v --with-pkgversion='Ubuntu 4.8.5-4ubuntu8' --with-bugurl=file:///usr/share/doc/gcc-4.8/README.Bugs --enable-languages=c,c++,go,d,fortran,objc,obj-c++ --prefix=/usr --program-suffix=-4.8 --enable-shared --enable-linker-build-id --libexecdir=/usr/lib --without-included-gettext --enable-threads=posix --with-gxx-include-dir=/usr/include/c++/4.8 --libdir=/usr/lib --enable-nls --with-sysroot=/ --enable-clocale=gnu --enable-libstdcxx-debug --enable-libstdcxx-time=yes --enable-gnu-unique-object --disable-libmudflap --enable-plugin --with-system-zlib --enable-objc-gc --enable-multiarch --disable-werror --with-arch-32=i686 --with-abi=m64 --with-multilib-list=m32,m64,mx32 --with-tune=generic --enable-checking=release --build=x86_64-linux-gnu --host=x86_64-linux-gnu --target=x86_64-linux-gnu
Thread model: posix
gcc version 4.8.5 (Ubuntu 4.8.5-4ubuntu8) 
configure:5565: $? = 0
configure:5554: gcc -V >&5
gcc: error: unrecognized command line option '-V'
gcc: fatal error: no input files
compilation terminated.
configure:5565: $? = 4
configure:5554: gcc -qversion >&5
gcc: error: unrecognized command line option '-qversion'
gcc: fatal error: no input files
compilation terminated.
configure:5565: $? = 4
configure:5585: checking whether the C compiler works
configure:5607: gcc    conftest.c  >&5
configure:5611: $? = 0
configure:5659: result: yes
configure:5662: checking for C compiler default output file name
configure:5664: result: a.out
configure:5670: checking for suffix of executables
configure:5677: gcc -o conftest    conftest.c  >&5
configure:5681: $? = 0
configure:5703: result: 
configure:5725: checking whether we are cross compiling
configure:5733: gcc -o conftest    conftest.c  >&5
configure:5737: $? = 0
configure:5744: ./conftest
configure:5748: $? = 0
configure:5763: result: no
configure:5768: checking for suffix of object files
configure:5790: gcc -c   conftest.c >&5
configure:5794: $? = 0
configure:5815: result: o
configure:5819: checking whether we are using the GNU C compiler
configure:5838: gcc -c   conftest.c >&5
configure:5838: $? = 0
configure:5847: result: yes
configure:5856: checking whether gcc accepts -g
configure:5876: gcc -c -g  conftest.c >&5
configure:5876: $? = 0
configure:5917: result: yes
configure:5934: checking for gcc option to accept ISO C89
configure:5997: gcc  -c -g -O2  conftest.c >&5
configure:5997: $? = 0
configure:6010: result: none needed
configure:6035: checking whether gcc understands -c and -o together
configure:6057: gcc -c conftest.c -o conftest2.o
configure:6060: $? = 0
configure:6057: gcc -c conftest.c -o conftest2.o
configure:6060: $? = 0
configure:6072: result: yes
configure:6100: checking for style of include used by make
configure:6128: result: GNU
configure:6154: checking dependency style of gcc
configure:6265: result: gcc3
configure:6339: checking for g++
configure:6355: found /usr/bin/g++
configure:6366: result: g++
configure:6393: checking for C++ compiler version
configure:6402: g++ --version >&5
g++ (Ubuntu 4.8.5-4ubuntu8) 4.8.5
Copyright (C) 2015 Free Software Foundation, Inc.
This is free software; see the source for copying conditions.  There is NO
warranty; not even for MERCHANTABILITY or FITNESS FOR A PARTICULAR PURPOSE.

configure:6413: $? = 0
configure:6402: g++ -v >&5
Using built-in specs.
COLLECT_GCC=g++
COLLECT_LTO_WRAPPER=/usr/lib/gcc/x86_64-linux-gnu/4.8/lto-wrapper
Target: x86_64-linux-gnu
Configured with: ../src/configure -v --with-pkgversion='Ubuntu 4.8.5-4ubuntu8' --with-bugurl=file:///usr/share/doc/gcc-4.8/README.Bugs --enable-languages=c,c++,go,d,fortran,objc,obj-c++ --prefix=/usr --program-suffix=-4.8 --enable-shared --enable-linker-build-id --libexecdir=/usr/lib --without-included-gettext --enable-threads=posix --with-gxx-include-dir=/usr/include/c++/4.8 --libdir=/usr/lib --enable-nls --with-sysroot=/ --enable-clocale=gnu --enable-libstdcxx-debug --enable-libstdcxx-time=yes --enable-gnu-unique-object --disable-libmudflap --enable-plugin --with-system-zlib --enable-objc-gc --enable-multiarch --disable-werror --with-arch-32=i686 --with-abi=m64 --with-multilib-list=m32,m64,mx32 --with-tune=generic --enable-checking=release --build=x86_64-linux-gnu --host=x86_64-linux-gnu --target=x86_64-linux-gnu
Thread model: posix
gcc version 4.8.5 (Ubuntu 4.8.5-4ubuntu8) 
configure:6413: $? = 0
configure:6402: g++ -V >&5
g++: error: unrecognized command line option '-V'
g++: fatal error: no input files
compilation terminated.
configure:6413: $? = 4
configure:6402: g++ -qversion >&5
g++: error: unrecognized command line option '-qversion'
g++: fatal error: no input files
compilation terminated.
configure:6413: $? = 4
configure:6417: checking whether we are using the GNU C++ compiler
configure:6436: g++ -c   conftest.cpp >&5
configure:6436: $? = 0
configure:6445: result: yes
configure:6454: checking whether g++ accepts -g
configure:6474: g++ -c -g  conftest.cpp >&5
configure:6474: $? = 0
configure:6515: result: yes
configure:6540: checking dependency style of g++
configure:6651: result: gcc3
configure:6667: checking whether ln -s works
configure:6671: result: yes
configure:6709: checking build system type
configure:6723: result: x86_64-unknown-linux-gnu
configure:6743: checking host system type
configure:6756: result: x86_64-unknown-linux-gnu
configure:6797: checking how to print strings
configure:6824: result: printf
configure:6845: checking for a sed that does not truncate output
configure:6909: result: /bin/sed
configure:6927: checking for grep that handles long lines and -e
configure:6985: result: /bin/grep
configure:6990: checking for egrep
configure:7052: result: /bin/grep -E
configure:7057: checking for fgrep
configure:7119: result: /bin/grep -F
configure:7154: checking for ld used by gcc
configure:7221: result: /usr/bin/ld
configure:7228: checking if the linker (/usr/bin/ld) is GNU ld
configure:7243: result: yes
configure:7255: checking for BSD- or MS-compatible name lister (nm)
configure:7304: result: /usr/bin/nm -B
configure:7434: checking the name lister (/usr/bin/nm -B) interface
configure:7441: gcc -c -g -O2  conftest.c >&5
configure:7444: /usr/bin/nm -B "conftest.o"
configure:7447: output
0000000000000000 B some_variable
configure:7454: result: BSD nm
configure:7458: checking the maximum length of command line arguments
configure:7589: result: 1572864
configure:7606: checking whether the shell understands some XSI constructs
configure:7616: result: yes
configure:7620: checking whether the shell understands "+="
configure:7626: result: yes
configure:7661: checking how to convert x86_64-unknown-linux-gnu file names to x86_64-unknown-linux-gnu format
configure:7701: result: func_convert_file_noop
configure:7708: checking how to convert x86_64-unknown-linux-gnu file names to toolchain format
configure:7728: result: func_convert_file_noop
configure:7735: checking for /usr/bin/ld option to reload object files
configure:7742: result: -r
configure:7816: checking for objdump
configure:7832: found /usr/bin/objdump
configure:7843: result: objdump
configure:7875: checking how to recognize dependent libraries
configure:8073: result: pass_all
configure:8158: checking for dlltool
configure:8188: result: no
configure:8218: checking how to associate runtime and link libraries
configure:8245: result: printf %s\n
configure:8306: checking for ar
configure:8322: found /usr/bin/ar
configure:8333: result: ar
configure:8370: checking for archiver @FILE support
configure:8387: gcc -c -g -O2  conftest.c >&5
configure:8387: $? = 0
configure:8390: ar cru libconftest.a @conftest.lst >&5
ar: `u' modifier ignored since `D' is the default (see `U')
configure:8393: $? = 0
configure:8398: ar cru libconftest.a @conftest.lst >&5
ar: `u' modifier ignored since `D' is the default (see `U')
ar: conftest.o: No such file or directory
configure:8401: $? = 1
configure:8413: result: @
configure:8471: checking for strip
configure:8487: found /usr/bin/strip
configure:8498: result: strip
configure:8570: checking for ranlib
configure:8586: found /usr/bin/ranlib
configure:8597: result: ranlib
configure:8699: checking command to parse /usr/bin/nm -B output from gcc object
configure:8819: gcc -c -g -O2  conftest.c >&5
configure:8822: $? = 0
configure:8826: /usr/bin/nm -B conftest.o \| sed -n -e 's/^.*[ ]\([ABCDGIRSTW][ABCDGIRSTW]*\)[ ][ ]*\([_A-Za-z][_A-Za-z0-9]*\)$/\1 \2 \2/p' | sed '/ __gnu_lto/d' \> conftest.nm
configure:8829: $? = 0
configure:8895: gcc -o conftest -g -O2   conftest.c conftstm.o >&5
configure:8898: $? = 0
configure:8936: result: ok
configure:8973: checking for sysroot
configure:9003: result: no
configure:9080: gcc -c -g -O2  conftest.c >&5
configure:9083: $? = 0
configure:9272: checking for mt
configure:9288: found /bin/mt
configure:9299: result: mt
configure:9322: checking if mt is a manifest tool
configure:9328: mt '-?'
configure:9336: result: no
configure:9978: checking how to run the C preprocessor
configure:10009: gcc -E  conftest.c
configure:10009: $? = 0
configure:10023: gcc -E  conftest.c
conftest.c:13:28: fatal error: ac_nonexistent.h: No such file or directory
 #include <ac_nonexistent.h>
                            ^
compilation terminated.
configure:10023: $? = 1
configure: failed program was:
| /* confdefs.h */
| #define PACKAGE_NAME "zookeeper C client"
| #define PACKAGE_TARNAME "zookeeper"
| #define PACKAGE_VERSION "3.5.1"
| #define PACKAGE_STRING "zookeeper C client 3.5.1"
| #define PACKAGE_BUGREPORT "user@zookeeper.apache.org"
| #define PACKAGE_URL ""
| #define PACKAGE "zookeeper"
| #define VERSION "3.5.1"
| #define HAVE_GENERATED_ZOOKEEPER_JUTE_C 1
| #define HAVE_GENERATED_ZOOKEEPER_JUTE_H 1
| /* end confdefs.h.  */
| #include <ac_nonexistent.h>
configure:10048: result: gcc -E
configure:10068: gcc -E  conftest.c
configure:10068: $? = 0
configure:10082: gcc -E  conftest.c
conftest.c:13:28: fatal error: ac_nonexistent.h: No such file or directory
 #include <ac_nonexistent.h>
                            ^
compilation terminated.
configure:10082: $? = 1
configure: failed program was:
| /* confdefs.h */
| #define PACKAGE_NAME "zookeeper C client"
| #define PACKAGE_TARNAME "zookeeper"
| #define PACKAGE_VERSION "3.5.1"
| #define PACKAGE_STRING "zookeeper C client 3.5.1"
| #define PACKAGE_BUGREPORT "user@zookeeper.apache.org"
| #define PACKAGE_URL ""
| #define PACKAGE "zookeeper"
| #define VERSION "3.5.1"
| #define HAVE_GENERATED_ZOOKEEPER_JUTE_C 1
| #define HAVE_GENERATED_ZOOKEEPER_JUTE_H 1
| /* end confdefs.h.  */
| #include <ac_nonexistent.h>
configure:10111: checking for ANSI C header files
configure:10131: gcc -c -g -O2  conftest.c >&5
configure:10131: $? = 0
configure:10204: gcc -o conftest -g -O2   conftest.c  >&5
configure:10204: $? = 0
configure:10204: ./conftest
configure:10204: $? = 0
configure:10215: result: yes
configure:10228: checking for sys/types.h
configure:10228: gcc -c -g -O2  conftest.c >&5
configure:10228: $? = 0
configure:10228: result: yes
configure:10228: checking for sys/stat.h
configure:10228: gcc -c -g -O2  conftest.c >&5
configure:10228: $? = 0
configure:10228: result: yes
configure:10228: checking for stdlib.h
configure:10228: gcc -c -g -O2  conftest.c >&5
configure:10228: $? = 0
configure:10228: result: yes
configure:10228: checking for string.h
configure:10228: gcc -c -g -O2  conftest.c >&5
configure:10228: $? = 0
configure:10228: result: yes
configure:10228: checking for memory.h
configure:10228: gcc -c -g -O2  conftest.c >&5
configure:10228: $? = 0
configure:10228: result: yes
configure:10228: checking for strings.h
configure:10228: gcc -c -g -O2  conftest.c >&5
configure:10228: $? = 0
configure:10228: result: yes
configure:10228: checking for inttypes.h
configure:10228: gcc -c -g -O2  conftest.c >&5
configure:10228: $? = 0
configure:10228: result: yes
configure:10228: checking for stdint.h
configure:10228: gcc -c -g -O2  conftest.c >&5
configure:10228: $? = 0
configure:10228: result: yes
configure:10228: checking for unistd.h
configure:10228: gcc -c -g -O2  conftest.c >&5
configure:10228: $? = 0
configure:10228: result: yes
configure:10242: checking for dlfcn.h
configure:10242: gcc -c -g -O2  conftest.c >&5
configure:10242: $? = 0
configure:10242: result: yes
configure:10459: checking for objdir
configure:10474: result: .libs
configure:10741: checking if gcc supports -fno-rtti -fno-exceptions
configure:10759: gcc -c -g -O2  -fno-rtti -fno-exceptions conftest.c >&5
cc1: warning: command line option '-fno-rtti' is valid for C++/ObjC++ but not for C [enabled by default]
configure:10763: $? = 0
configure:10776: result: no
configure:11103: checking for gcc option to produce PIC
configure:11110: result: -fPIC -DPIC
configure:11118: checking if gcc PIC flag -fPIC -DPIC works
configure:11136: gcc -c -g -O2  -fPIC -DPIC -DPIC conftest.c >&5
configure:11140: $? = 0
configure:11153: result: yes
configure:11182: checking if gcc static flag -static works
configure:11210: result: yes
configure:11225: checking if gcc supports -c -o file.o
configure:11246: gcc -c -g -O2  -o out/conftest2.o conftest.c >&5
configure:11250: $? = 0
configure:11272: result: yes
configure:11280: checking if gcc supports -c -o file.o
configure:11327: result: yes
configure:11360: checking whether the gcc linker (/usr/bin/ld -m elf_x86_64) supports shared libraries
configure:12517: result: yes
configure:12757: checking dynamic linker characteristics
configure:13257: gcc -o conftest -g -O2   -Wl,-rpath -Wl,/foo conftest.c  >&5
configure:13257: $? = 0
configure:13491: result: GNU/Linux ld.so
configure:13598: checking how to hardcode library paths into programs
configure:13623: result: immediate
configure:14163: checking whether stripping libraries is possible
configure:14168: result: yes
configure:14203: checking if libtool supports shared libraries
configure:14205: result: yes
configure:14208: checking whether to build shared libraries
configure:14229: result: no
configure:14232: checking whether to build static libraries
configure:14236: result: yes
configure:14259: checking how to run the C++ preprocessor
configure:14286: g++ -E  conftest.cpp
configure:14286: $? = 0
configure:14300: g++ -E  conftest.cpp
conftest.cpp:25:28: fatal error: ac_nonexistent.h: No such file or directory
 #include <ac_nonexistent.h>
                            ^
compilation terminated.
configure:14300: $? = 1
configure: failed program was:
| /* confdefs.h */
| #define PACKAGE_NAME "zookeeper C client"
| #define PACKAGE_TARNAME "zookeeper"
| #define PACKAGE_VERSION "3.5.1"
| #define PACKAGE_STRING "zookeeper C client 3.5.1"
| #define PACKAGE_BUGREPORT "user@zookeeper.apache.org"
| #define PACKAGE_URL ""
| #define PACKAGE "zookeeper"
| #define VERSION "3.5.1"
| #define HAVE_GENERATED_ZOOKEEPER_JUTE_C 1
| #define HAVE_GENERATED_ZOOKEEPER_JUTE_H 1
| #define STDC_HEADERS 1
| #define HAVE_SYS_TYPES_H 1
| #define HAVE_SYS_STAT_H 1
| #define HAVE_STDLIB_H 1
| #define HAVE_STRING_H 1
| #define HAVE_MEMORY_H 1
| #define HAVE_STRINGS_H 1
| #define HAVE_INTTYPES_H 1
| #define HAVE_STDINT_H 1
| #define HAVE_UNISTD_H 1
| #define HAVE_DLFCN_H 1
| #define LT_OBJDIR ".libs/"
| /* end confdefs.h.  */
| #include <ac_nonexistent.h>
configure:14325: result: g++ -E
configure:14345: g++ -E  conftest.cpp
configure:14345: $? = 0
configure:14359: g++ -E  conftest.cpp
conftest.cpp:25:28: fatal error: ac_nonexistent.h: No such file or directory
 #include <ac_nonexistent.h>
                            ^
compilation terminated.
configure:14359: $? = 1
configure: failed program was:
| /* confdefs.h */
| #define PACKAGE_NAME "zookeeper C client"
| #define PACKAGE_TARNAME "zookeeper"
| #define PACKAGE_VERSION "3.5.1"
| #define PACKAGE_STRING "zookeeper C client 3.5.1"
| #define PACKAGE_BUGREPORT "user@zookeeper.apache.org"
| #define PACKAGE_URL ""
| #define PACKAGE "zookeeper"
| #define VERSION "3.5.1"
| #define HAVE_GENERATED_ZOOKEEPER_JUTE_C 1
| #define HAVE_GENERATED_ZOOKEEPER_JUTE_H 1
| #define STDC_HEADERS 1
| #define HAVE_SYS_TYPES_H 1
| #define HAVE_SYS_STAT_H 1
| #define HAVE_STDLIB_H 1
| #define HAVE_STRING_H 1
| #define HAVE_MEMORY_H 1
| #define HAVE_STRINGS_H 1
| #define HAVE_INTTYPES_H 1
| #define HAVE_STDINT_H 1
| #define HAVE_UNISTD_H 1
| #define HAVE_DLFCN_H 1
| #define LT_OBJDIR ".libs/"
| /* end confdefs.h.  */
| #include <ac_nonexistent.h>
configure:14528: checking for ld used by g++
configure:14595: result: /usr/bin/ld -m elf_x86_64
configure:14602: checking if the linker (/usr/bin/ld -m elf_x86_64) is GNU ld
configure:14617: result: yes
configure:14672: checking whether the g++ linker (/usr/bin/ld -m elf_x86_64) supports shared libraries
configure:15674: result: yes
configure:15710: g++ -c -g -O2  conftest.cpp >&5
configure:15713: $? = 0
configure:16233: checking for g++ option to produce PIC
configure:16240: result: -fPIC -DPIC
configure:16248: checking if g++ PIC flag -fPIC -DPIC works
configure:16266: g++ -c -g -O2  -fPIC -DPIC -DPIC conftest.cpp >&5
configure:16270: $? = 0
configure:16283: result: yes
configure:16306: checking if g++ static flag -static works
configure:16334: result: yes
configure:16346: checking if g++ supports -c -o file.o
configure:16367: g++ -c -g -O2  -o out/conftest2.o conftest.cpp >&5
configure:16371: $? = 0
configure:16393: result: yes
configure:16398: checking if g++ supports -c -o file.o
configure:16445: result: yes
configure:16475: checking whether the g++ linker (/usr/bin/ld -m elf_x86_64) supports shared libraries
configure:16514: result: yes
configure:16655: checking dynamic linker characteristics
configure:17323: result: GNU/Linux ld.so
configure:17376: checking how to hardcode library paths into programs
configure:17401: result: immediate
configure:17507: checking for pthread_mutex_lock in -lpthread
configure:17532: gcc -o conftest -g -O2 -D_GNU_SOURCE   conftest.c -lpthread   >&5
configure:17532: $? = 0
configure:17541: result: yes
configure:17556: building with SyncAPI support
configure:17573: checking for ANSI C header files
configure:17677: result: yes
configure:17688: checking arpa/inet.h usability
configure:17688: gcc -c -g -O2 -D_GNU_SOURCE  conftest.c >&5
configure:17688: $? = 0
configure:17688: result: yes
configure:17688: checking arpa/inet.h presence
configure:17688: gcc -E  conftest.c
configure:17688: $? = 0
configure:17688: result: yes
configure:17688: checking for arpa/inet.h
configure:17688: result: yes
configure:17688: checking fcntl.h usability
configure:17688: gcc -c -g -O2 -D_GNU_SOURCE  conftest.c >&5
configure:17688: $? = 0
configure:17688: result: yes
configure:17688: checking fcntl.h presence
configure:17688: gcc -E  conftest.c
configure:17688: $? = 0
configure:17688: result: yes
configure:17688: checking for fcntl.h
configure:17688: result: yes
configure:17688: checking netdb.h usability
configure:17688: gcc -c -g -O2 -D_GNU_SOURCE  conftest.c >&5
configure:17688: $? = 0
configure:17688: result: yes
configure:17688: checking netdb.h presence
configure:17688: gcc -E  conftest.c
configure:17688: $? = 0
configure:17688: result: yes
configure:17688: checking for netdb.h
configure:17688: result: yes
configure:17688: checking netinet/in.h usability
configure:17688: gcc -c -g -O2 -D_GNU_SOURCE  conftest.c >&5
configure:17688: $? = 0
configure:17688: result: yes
configure:17688: checking netinet/in.h presence
configure:17688: gcc -E  conftest.c
configure:17688: $? = 0
configure:17688: result: yes
configure:17688: checking for netinet/in.h
configure:17688: result: yes
configure:17688: checking for stdlib.h
configure:17688: result: yes
configure:17688: checking for string.h
configure:17688: result: yes
configure:17688: checking sys/socket.h usability
configure:17688: gcc -c -g -O2 -D_GNU_SOURCE  conftest.c >&5
configure:17688: $? = 0
configure:17688: result: yes
configure:17688: checking sys/socket.h presence
configure:17688: gcc -E  conftest.c
configure:17688: $? = 0
configure:17688: result: yes
configure:17688: checking for sys/socket.h
configure:17688: result: yes
configure:17688: checking sys/time.h usability
configure:17688: gcc -c -g -O2 -D_GNU_SOURCE  conftest.c >&5
configure:17688: $? = 0
configure:17688: result: yes
configure:17688: checking sys/time.h presence
configure:17688: gcc -E  conftest.c
configure:17688: $? = 0
configure:17688: result: yes
configure:17688: checking for sys/time.h
configure:17688: result: yes
configure:17688: checking for unistd.h
configure:17688: result: yes
configure:17688: checking sys/utsname.h usability
configure:17688: gcc -c -g -O2 -D_GNU_SOURCE  conftest.c >&5
configure:17688: $? = 0
configure:17688: result: yes
configure:17688: checking sys/utsname.h presence
configure:17688: gcc -E  conftest.c
configure:17688: $? = 0
configure:17688: result: yes
configure:17688: checking for sys/utsname.h
configure:17688: result: yes
configure:17700: checking for an ANSI C-conforming const
configure:17766: gcc -c -g -O2 -D_GNU_SOURCE  conftest.c >&5
configure:17766: $? = 0
configure:17773: result: yes
configure:17781: checking for inline
configure:17797: gcc -c -g -O2 -D_GNU_SOURCE  conftest.c >&5
configure:17797: $? = 0
configure:17805: result: inline
configure:17823: checking whether time.h and sys/time.h may both be included
configure:17843: gcc -c -g -O2 -D_GNU_SOURCE  conftest.c >&5
configure:17843: $? = 0
configure:17850: result: yes
configure:17858: checking for nfds_t
configure:17858: gcc -c -g -O2 -D_GNU_SOURCE  conftest.c >&5
configure:17858: $? = 0
configure:17858: gcc -c -g -O2 -D_GNU_SOURCE  conftest.c >&5
conftest.c: In function 'main':
conftest.c:42:21: error: expected expression before ')' token
 if (sizeof ((nfds_t)))
                     ^
configure:17858: $? = 1
configure: failed program was:
| /* confdefs.h */
| #define PACKAGE_NAME "zookeeper C client"
| #define PACKAGE_TARNAME "zookeeper"
| #define PACKAGE_VERSION "3.5.1"
| #define PACKAGE_STRING "zookeeper C client 3.5.1"
| #define PACKAGE_BUGREPORT "user@zookeeper.apache.org"
| #define PACKAGE_URL ""
| #define PACKAGE "zookeeper"
| #define VERSION "3.5.1"
| #define HAVE_GENERATED_ZOOKEEPER_JUTE_C 1
| #define HAVE_GENERATED_ZOOKEEPER_JUTE_H 1
| #define STDC_HEADERS 1
| #define HAVE_SYS_TYPES_H 1
| #define HAVE_SYS_STAT_H 1
| #define HAVE_STDLIB_H 1
| #define HAVE_STRING_H 1
| #define HAVE_MEMORY_H 1
| #define HAVE_STRINGS_H 1
| #define HAVE_INTTYPES_H 1
| #define HAVE_STDINT_H 1
| #define HAVE_UNISTD_H 1
| #define HAVE_DLFCN_H 1
| #define LT_OBJDIR ".libs/"
| #define STDC_HEADERS 1
| #define HAVE_ARPA_INET_H 1
| #define HAVE_FCNTL_H 1
| #define HAVE_NETDB_H 1
| #define HAVE_NETINET_IN_H 1
| #define HAVE_STDLIB_H 1
| #define HAVE_STRING_H 1
| #define HAVE_SYS_SOCKET_H 1
| #define HAVE_SYS_TIME_H 1
| #define HAVE_UNISTD_H 1
| #define HAVE_SYS_UTSNAME_H 1
| #define TIME_WITH_SYS_TIME 1
| /* end confdefs.h.  */
| #include <poll.h>
| 
| int
| main ()
| {
| if (sizeof ((nfds_t)))
| 	    return 0;
|   ;
|   return 0;
| }
configure:17858: result: yes
configure:17871: checking whether to enable ipv6
configure:17893: gcc -o conftest -g -O2 -D_GNU_SOURCE   conftest.c  >&5
conftest.c: In function 'main':
conftest.c:44:4: warning: incompatible implicit declaration of built-in function 'exit' [enabled by default]
    exit(1);
    ^
configure:17893: $? = 0
configure:17893: ./conftest
configure:17893: $? = 0
configure:17894: result: yes
configure:17915: checking for clock_gettime in -lrt
configure:17940: gcc -o conftest -g -O2 -D_GNU_SOURCE   conftest.c -lrt   >&5
configure:17940: $? = 0
configure:17949: result: yes
configure:17968: checking for getcwd
configure:17968: gcc -o conftest -g -O2 -D_GNU_SOURCE   conftest.c  >&5
configure:17968: $? = 0
configure:17968: result: yes
configure:17968: checking for gethostbyname
configure:17968: gcc -o conftest -g -O2 -D_GNU_SOURCE   conftest.c  >&5
configure:17968: $? = 0
configure:17968: result: yes
configure:17968: checking for gethostname
configure:17968: gcc -o conftest -g -O2 -D_GNU_SOURCE   conftest.c  >&5
configure:17968: $? = 0
configure:17968: result: yes
configure:17968: checking for getlogin
configure:17968: gcc -o conftest -g -O2 -D_GNU_SOURCE   conftest.c  >&5
configure:17968: $? = 0
configure:17968: result: yes
configure:17968: checking for getpwuid_r
configure:17968: gcc -o conftest -g -O2 -D_GNU_SOURCE   conftest.c  >&5
configure:17968: $? = 0
configure:17968: result: yes
configure:17968: checking for gettimeofday
configure:17968: gcc -o conftest -g -O2 -D_GNU_SOURCE   conftest.c  >&5
configure:17968: $? = 0
configure:17968: result: yes
configure:17968: checking for getuid
configure:17968: gcc -o conftest -g -O2 -D_GNU_SOURCE   conftest.c  >&5
configure:17968: $? = 0
configure:17968: result: yes
configure:17968: checking for memmove
configure:17968: gcc -o conftest -g -O2 -D_GNU_SOURCE   conftest.c  >&5
conftest.c:69:6: warning: conflicting types for built-in function 'memmove' [enabled by default]
 char memmove ();
      ^
configure:17968: $? = 0
configure:17968: result: yes
configure:17968: checking for memset
configure:17968: gcc -o conftest -g -O2 -D_GNU_SOURCE   conftest.c  >&5
conftest.c:70:6: warning: conflicting types for built-in function 'memset' [enabled by default]
 char memset ();
      ^
configure:17968: $? = 0
configure:17968: result: yes
configure:17968: checking for poll
configure:17968: gcc -o conftest -g -O2 -D_GNU_SOURCE   conftest.c  >&5
configure:17968: $? = 0
configure:17968: result: yes
configure:17968: checking for socket
configure:17968: gcc -o conftest -g -O2 -D_GNU_SOURCE   conftest.c  >&5
configure:17968: $? = 0
configure:17968: result: yes
configure:17968: checking for strchr
configure:17968: gcc -o conftest -g -O2 -D_GNU_SOURCE   conftest.c  >&5
conftest.c:73:6: warning: conflicting types for built-in function 'strchr' [enabled by default]
 char strchr ();
      ^
configure:17968: $? = 0
configure:17968: result: yes
configure:17968: checking for strdup
configure:17968: gcc -o conftest -g -O2 -D_GNU_SOURCE   conftest.c  >&5
conftest.c:74:6: warning: conflicting types for built-in function 'strdup' [enabled by default]
 char strdup ();
      ^
configure:17968: $? = 0
configure:17968: result: yes
configure:17968: checking for strerror
configure:17968: gcc -o conftest -g -O2 -D_GNU_SOURCE   conftest.c  >&5
configure:17968: $? = 0
configure:17968: result: yes
configure:17968: checking for strtol
configure:17968: gcc -o conftest -g -O2 -D_GNU_SOURCE   conftest.c  >&5
configure:17968: $? = 0
configure:17968: result: yes
configure:18194: checking that generated files are newer than configure
configure:18200: result: done
configure:18235: creating ./config.status

## ---------------------- ##
## Running config.status. ##
## ---------------------- ##

This file was extended by zookeeper C client config.status 3.5.1, which was
generated by GNU Autoconf 2.69.  Invocation command line was

  CONFIG_FILES    = 
  CONFIG_HEADERS  = 
  CONFIG_LINKS    = 
  CONFIG_COMMANDS = 
  $ ./config.status 

on zhao

config.status:1230: creating Makefile
config.status:1230: creating config.h
config.status:1459: executing depfiles commands
config.status:1459: executing libtool commands

## ---------------- ##
## Cache variables. ##
## ---------------- ##

ac_cv_build=x86_64-unknown-linux-gnu
ac_cv_c_compiler_gnu=yes
ac_cv_c_const=yes
ac_cv_c_inline=inline
ac_cv_cxx_compiler_gnu=yes
ac_cv_env_CCC_set=
ac_cv_env_CCC_value=
ac_cv_env_CC_set=
ac_cv_env_CC_value=
ac_cv_env_CFLAGS_set=
ac_cv_env_CFLAGS_value=
ac_cv_env_CPPFLAGS_set=
ac_cv_env_CPPFLAGS_value=
ac_cv_env_CPP_set=
ac_cv_env_CPP_value=
ac_cv_env_CXXCPP_set=
ac_cv_env_CXXCPP_value=
ac_cv_env_CXXFLAGS_set=
ac_cv_env_CXXFLAGS_value=
ac_cv_env_CXX_set=
ac_cv_env_CXX_value=
ac_cv_env_DOXYGEN_PAPER_SIZE_set=
ac_cv_env_DOXYGEN_PAPER_SIZE_value=
ac_cv_env_LDFLAGS_set=
ac_cv_env_LDFLAGS_value=
ac_cv_env_LIBS_set=
ac_cv_env_LIBS_value=
ac_cv_env_build_alias_set=
ac_cv_env_build_alias_value=
ac_cv_env_host_alias_set=
ac_cv_env_host_alias_value=
ac_cv_env_target_alias_set=
ac_cv_env_target_alias_value=
ac_cv_file_generated_zookeeper_jute_c=yes
ac_cv_file_generated_zookeeper_jute_h=yes
ac_cv_func_getcwd=yes
ac_cv_func_gethostbyname=yes
ac_cv_func_gethostname=yes
ac_cv_func_getlogin=yes
ac_cv_func_getpwuid_r=yes
ac_cv_func_gettimeofday=yes
ac_cv_func_getuid=yes
ac_cv_func_memmove=yes
ac_cv_func_memset=yes
ac_cv_func_poll=yes
ac_cv_func_socket=yes
ac_cv_func_strchr=yes
ac_cv_func_strdup=yes
ac_cv_func_strerror=yes
ac_cv_func_strtol=yes
ac_cv_header_arpa_inet_h=yes
ac_cv_header_dlfcn_h=yes
ac_cv_header_fcntl_h=yes
ac_cv_header_inttypes_h=yes
ac_cv_header_memory_h=yes
ac_cv_header_netdb_h=yes
ac_cv_header_netinet_in_h=yes
ac_cv_header_stdc=yes
ac_cv_header_stdint_h=yes
ac_cv_header_stdlib_h=yes
ac_cv_header_string_h=yes
ac_cv_header_strings_h=yes
ac_cv_header_sys_socket_h=yes
ac_cv_header_sys_stat_h=yes
ac_cv_header_sys_time_h=yes
ac_cv_header_sys_types_h=yes
ac_cv_header_sys_utsname_h=yes
ac_cv_header_time=yes
ac_cv_header_unistd_h=yes
ac_cv_host=x86_64-unknown-linux-gnu
ac_cv_lib_pthread_pthread_mutex_lock=yes
ac_cv_lib_rt_clock_gettime=yes
ac_cv_objext=o
ac_cv_path_CPPUNIT_CONFIG=no
ac_cv_path_EGREP='/bin/grep -E'
ac_cv_path_FGREP='/bin/grep -F'
ac_cv_path_GREP=/bin/grep
ac_cv_path_SED=/bin/sed
ac_cv_path_ac_pt_DX_PERL=/usr/bin/perl
ac_cv_path_install='/usr/bin/install -c'
ac_cv_path_mkdir=/bin/mkdir
ac_cv_prog_AWK=mawk
ac_cv_prog_CPP='gcc -E'
ac_cv_prog_CXXCPP='g++ -E'
ac_cv_prog_ac_ct_AR=ar
ac_cv_prog_ac_ct_CC=gcc
ac_cv_prog_ac_ct_CXX=g++
ac_cv_prog_ac_ct_MANIFEST_TOOL=mt
ac_cv_prog_ac_ct_OBJDUMP=objdump
ac_cv_prog_ac_ct_RANLIB=ranlib
ac_cv_prog_ac_ct_STRIP=strip
ac_cv_prog_cc_c89=
ac_cv_prog_cc_g=yes
ac_cv_prog_cxx_g=yes
ac_cv_prog_make_make_set=yes
ac_cv_type_nfds_t=yes
am_cv_CC_dependencies_compiler_type=gcc3
am_cv_CXX_dependencies_compiler_type=gcc3
am_cv_make_support_nested_variables=yes
am_cv_prog_cc_c_o=yes
lt_cv_ar_at_file=@
lt_cv_deplibs_check_method=pass_all
lt_cv_file_magic_cmd='$MAGIC_CMD'
lt_cv_file_magic_test_file=
lt_cv_ld_reload_flag=-r
lt_cv_nm_interface='BSD nm'
lt_cv_objdir=.libs
lt_cv_path_LD=/usr/bin/ld
lt_cv_path_LDCXX='/usr/bin/ld -m elf_x86_64'
lt_cv_path_NM='/usr/bin/nm -B'
lt_cv_path_mainfest_tool=no
lt_cv_prog_compiler_c_o=yes
lt_cv_prog_compiler_c_o_CXX=yes
lt_cv_prog_compiler_pic='-fPIC -DPIC'
lt_cv_prog_compiler_pic_CXX='-fPIC -DPIC'
lt_cv_prog_compiler_pic_works=yes
lt_cv_prog_compiler_pic_works_CXX=yes
lt_cv_prog_compiler_rtti_exceptions=no
lt_cv_prog_compiler_static_works=yes
lt_cv_prog_compiler_static_works_CXX=yes
lt_cv_prog_gnu_ld=yes
lt_cv_prog_gnu_ldcxx=yes
lt_cv_sharedlib_from_linklib_cmd='printf %s\n'
lt_cv_shlibpath_overrides_runpath=yes
lt_cv_sys_global_symbol_pipe='sed -n -e '\''s/^.*[	 ]\([ABCDGIRSTW][ABCDGIRSTW]*\)[	 ][	 ]*\([_A-Za-z][_A-Za-z0-9]*\)$/\1 \2 \2/p'\'' | sed '\''/ __gnu_lto/d'\'''
lt_cv_sys_global_symbol_to_c_name_address='sed -n -e '\''s/^: \([^ ]*\)[ ]*$/  {\"\1\", (void *) 0},/p'\'' -e '\''s/^[ABCDGIRSTW]* \([^ ]*\) \([^ ]*\)$/  {"\2", (void *) \&\2},/p'\'''
lt_cv_sys_global_symbol_to_c_name_address_lib_prefix='sed -n -e '\''s/^: \([^ ]*\)[ ]*$/  {\"\1\", (void *) 0},/p'\'' -e '\''s/^[ABCDGIRSTW]* \([^ ]*\) \(lib[^ ]*\)$/  {"\2", (void *) \&\2},/p'\'' -e '\''s/^[ABCDGIRSTW]* \([^ ]*\) \([^ ]*\)$/  {"lib\2", (void *) \&\2},/p'\'''
lt_cv_sys_global_symbol_to_cdecl='sed -n -e '\''s/^T .* \(.*\)$/extern int \1();/p'\'' -e '\''s/^[ABCDGIRSTW]* .* \(.*\)$/extern char \1;/p'\'''
lt_cv_sys_max_cmd_len=1572864
lt_cv_to_host_file_cmd=func_convert_file_noop
lt_cv_to_tool_file_cmd=func_convert_file_noop

## ----------------- ##
## Output variables. ##
## ----------------- ##

ACLOCAL='${SHELL} /root/PowerGraph/deps/zookeeper/src/zookeeper/src/c/missing aclocal-1.14'
AMDEPBACKSLASH='\'
AMDEP_FALSE='#'
AMDEP_TRUE=''
AMTAR='$${TAR-tar}'
AM_BACKSLASH='\'
AM_DEFAULT_V='$(AM_DEFAULT_VERBOSITY)'
AM_DEFAULT_VERBOSITY='1'
AM_V='$(V)'
AR='ar'
AUTOCONF='${SHELL} /root/PowerGraph/deps/zookeeper/src/zookeeper/src/c/missing autoconf'
AUTOHEADER='${SHELL} /root/PowerGraph/deps/zookeeper/src/zookeeper/src/c/missing autoheader'
AUTOMAKE='${SHELL} /root/PowerGraph/deps/zookeeper/src/zookeeper/src/c/missing automake-1.14'
AWK='mawk'
CC='gcc'
CCDEPMODE='depmode=gcc3'
CFLAGS='-g -O2 -D_GNU_SOURCE'
CLOCK_GETTIME_LIBS='-lrt '
CPP='gcc -E'
CPPFLAGS=''
CPPUNIT_CFLAGS=' -DZKSERVER_CMD="\"./tests/zkServer.sh\""'
CPPUNIT_CONFIG='no'
CPPUNIT_LIBS=''
CXX='g++'
CXXCPP='g++ -E'
CXXDEPMODE='depmode=gcc3'
CXXFLAGS='-g -O2'
CYGPATH_W='echo'
DEFS='-DHAVE_CONFIG_H'
DEPDIR='.deps'
DLLTOOL='false'
DOXYGEN_PAPER_SIZE=''
DSYMUTIL=''
DUMPBIN=''
DX_COND_chi_FALSE=''
DX_COND_chi_TRUE='#'
DX_COND_chm_FALSE=''
DX_COND_chm_TRUE='#'
DX_COND_doc_FALSE='#'
DX_COND_doc_TRUE=''
DX_COND_dot_FALSE='#'
DX_COND_dot_TRUE=''
DX_COND_html_FALSE='#'
DX_COND_html_TRUE=''
DX_COND_latex_FALSE=''
DX_COND_latex_TRUE='#'
DX_COND_man_FALSE=''
DX_COND_man_TRUE='#'
DX_COND_pdf_FALSE=''
DX_COND_pdf_TRUE='#'
DX_COND_ps_FALSE=''
DX_COND_ps_TRUE='#'
DX_COND_rtf_FALSE=''
DX_COND_rtf_TRUE='#'
DX_COND_xml_FALSE=''
DX_COND_xml_TRUE='#'
DX_CONFIG='c-doc.Doxyfile'
DX_DOCDIR='docs'
DX_DOT=''
DX_DOXYGEN=''
DX_DVIPS=''
DX_EGREP=''
DX_ENV=' SRCDIR='\''.'\'' PROJECT='\''zookeeper'\'' DOCDIR='\''docs'\'' VERSION='\''3.5.1'\'' PERL_PATH='\''/usr/bin/perl'\'' HAVE_DOT='\''YES'\'' DOT_PATH='\''.'\'' GENERATE_MAN='\''NO'\'' GENERATE_RTF='\''NO'\'' GENERATE_XML='\''NO'\'' GENERATE_HTMLHELP='\''NO'\'' GENERATE_CHI='\''NO'\'' GENERATE_HTML='\''YES'\'' GENERATE_LATEX='\''NO'\'''
DX_FLAG_chi='0'
DX_FLAG_chm='0'
DX_FLAG_doc='1'
DX_FLAG_dot='1'
DX_FLAG_html='1'
DX_FLAG_man='0'
DX_FLAG_pdf='0'
DX_FLAG_ps='0'
DX_FLAG_rtf='0'
DX_FLAG_xml='0'
DX_HHC=''
DX_LATEX=''
DX_MAKEINDEX=''
DX_PDFLATEX=''
DX_PERL='/usr/bin/perl'
DX_PROJECT='zookeeper'
ECHO_C=''
ECHO_N='-n'
ECHO_T=''
EGREP='/bin/grep -E'
EXEEXT=''
FGREP='/bin/grep -F'
GREP='/bin/grep'
INSTALL_DATA='${INSTALL} -m 644'
INSTALL_PROGRAM='${INSTALL}'
INSTALL_SCRIPT='${INSTALL}'
INSTALL_STRIP_PROGRAM='$(install_sh) -c -s'
LD='/usr/bin/ld -m elf_x86_64'
LDFLAGS=''
LIBOBJS=''
LIBS=''
LIBTOOL='$(SHELL) $(top_builddir)/libtool'
LIPO=''
LN_S='ln -s'
LTLIBOBJS=''
MAKEINFO='${SHELL} /root/PowerGraph/deps/zookeeper/src/zookeeper/src/c/missing makeinfo'
MANIFEST_TOOL=':'
MKDIR_P='/bin/mkdir -p'
NM='/usr/bin/nm -B'
NMEDIT=''
OBJDUMP='objdump'
OBJEXT='o'
OTOOL64=''
OTOOL=''
PACKAGE='zookeeper'
PACKAGE_BUGREPORT='user@zookeeper.apache.org'
PACKAGE_NAME='zookeeper C client'
PACKAGE_STRING='zookeeper C client 3.5.1'
PACKAGE_TARNAME='zookeeper'
PACKAGE_URL=''
PACKAGE_VERSION='3.5.1'
PATH_SEPARATOR=':'
RANLIB='ranlib'
SED='/bin/sed'
SET_MAKE=''
SHELL='/bin/bash'
SOLARIS_FALSE=''
SOLARIS_TRUE='#'
STRIP='strip'
USEIPV6='-DZOO_IPV6_ENABLED'
VERSION='3.5.1'
WANT_SYNCAPI_FALSE='#'
WANT_SYNCAPI_TRUE=''
ac_ct_AR='ar'
ac_ct_CC='gcc'
ac_ct_CXX='g++'
ac_ct_DUMPBIN=''
am__EXEEXT_FALSE=''
am__EXEEXT_TRUE='#'
am__fastdepCC_FALSE='#'
am__fastdepCC_TRUE=''
am__fastdepCXX_FALSE='#'
am__fastdepCXX_TRUE=''
am__include='include'
am__isrc=''
am__leading_dot='.'
am__nodep='_no'
am__quote=''
am__tar='$${TAR-tar} chof - "$$tardir"'
am__untar='$${TAR-tar} xf -'
bindir='${exec_prefix}/bin'
build='x86_64-unknown-linux-gnu'
build_alias=''
build_cpu='x86_64'
build_os='linux-gnu'
build_vendor='unknown'
datadir='${datarootdir}'
datarootdir='${prefix}/share'
docdir='${datarootdir}/doc/${PACKAGE_TARNAME}'
dvidir='${docdir}'
exec_prefix='${prefix}'
host='x86_64-unknown-linux-gnu'
host_alias=''
host_cpu='x86_64'
host_os='linux-gnu'
host_vendor='unknown'
htmldir='${docdir}'
includedir='${prefix}/include'
infodir='${datarootdir}/info'
install_sh='${SHELL} /root/PowerGraph/deps/zookeeper/src/zookeeper/src/c/install-sh'
libdir='${exec_prefix}/lib'
libexecdir='${exec_prefix}/libexec'
localedir='${datarootdir}/locale'
localstatedir='${prefix}/var'
mandir='${datarootdir}/man'
mkdir_p='$(MKDIR_P)'
oldincludedir='/usr/include'
pdfdir='${docdir}'
prefix='/root/PowerGraph/deps/local'
program_transform_name='s,x,x,'
psdir='${docdir}'
sbindir='${exec_prefix}/sbin'
sharedstatedir='${prefix}/com'
sysconfdir='${prefix}/etc'
target_alias=''

## ----------- ##
## confdefs.h. ##
## ----------- ##

/* confdefs.h */
#define PACKAGE_NAME "zookeeper C client"
#define PACKAGE_TARNAME "zookeeper"
#define PACKAGE_VERSION "3.5.1"
#define PACKAGE_STRING "zookeeper C client 3.5.1"
#define PACKAGE_BUGREPORT "user@zookeeper.apache.org"
#define PACKAGE_URL ""
#define PACKAGE "zookeeper"
#define VERSION "3.5.1"
#define HAVE_GENERATED_ZOOKEEPER_JUTE_C 1
#define HAVE_GENERATED_ZOOKEEPER_JUTE_H 1
#define STDC_HEADERS 1
#define HAVE_SYS_TYPES_H 1
#define HAVE_SYS_STAT_H 1
#define HAVE_STDLIB_H 1
#define HAVE_STRING_H 1
#define HAVE_MEMORY_H 1
#define HAVE_STRINGS_H 1
#define HAVE_INTTYPES_H 1
#define HAVE_STDINT_H 1
#define HAVE_UNISTD_H 1
#define HAVE_DLFCN_H 1
#define LT_OBJDIR ".libs/"
#define STDC_HEADERS 1
#define HAVE_ARPA_INET_H 1
#define HAVE_FCNTL_H 1
#define HAVE_NETDB_H 1
#define HAVE_NETINET_IN_H 1
#define HAVE_STDLIB_H 1
#define HAVE_STRING_H 1
#define HAVE_SYS_SOCKET_H 1
#define HAVE_SYS_TIME_H 1
#define HAVE_UNISTD_H 1
#define HAVE_SYS_UTSNAME_H 1
#define TIME_WITH_SYS_TIME 1
#define POLL_NFDS_TYPE nfds_t
#define HAVE_LIBRT 1
#define HAVE_GETCWD 1
#define HAVE_GETHOSTBYNAME 1
#define HAVE_GETHOSTNAME 1
#define HAVE_GETLOGIN 1
#define HAVE_GETPWUID_R 1
#define HAVE_GETTIMEOFDAY 1
#define HAVE_GETUID 1
#define HAVE_MEMMOVE 1
#define HAVE_MEMSET 1
#define HAVE_POLL 1
#define HAVE_SOCKET 1
#define HAVE_STRCHR 1
#define HAVE_STRDUP 1
#define HAVE_STRERROR 1
#define HAVE_STRTOL 1

configure: exit 0
