...found 9 targets...
...updating 7 targets...
common.mkdir bin.v2
common.mkdir bin.v2/libs
common.mkdir bin.v2/libs/context
common.mkdir bin.v2/libs/context/config
common.mkdir bin.v2/libs/context/config/gcc-4.8
common.mkdir bin.v2/libs/context/config/gcc-4.8/debug
gcc.compile.c++ bin.v2/libs/context/config/gcc-4.8/debug/32.o
/root/PowerGraph/deps/boost/src/boost/libs/context/config/32.cpp:9:36: error: size of array ‘test’ is negative
 int test[sizeof(void*) == 4? 1 : -1];
                                    ^

    "g++"  -ftemplate-depth-128 -O0 -fno-inline -Wall -g -fPIC  -DBOOST_ALL_NO_LIB=1  -I"." -c -o "bin.v2/libs/context/config/gcc-4.8/debug/32.o" "/root/PowerGraph/deps/boost/src/boost/libs/context/config/32.cpp"

...failed gcc.compile.c++ bin.v2/libs/context/config/gcc-4.8/debug/32.o...
...failed updating 1 target...
...updated 6 targets...
...found 3 targets...
...updating 1 target...
gcc.compile.c++ bin.v2/libs/context/config/gcc-4.8/debug/64.o
...updated 1 target...
...found 3 targets...
...updating 1 target...
gcc.compile.c++ bin.v2/libs/context/config/gcc-4.8/debug/x86.o
...updated 1 target...
